2025-11-01 20:40:35,094 [INFO] IV: 263 file(s) discovered
2025-11-01 20:40:35,169 [INFO] NIV: 263 file(s) discovered
2025-11-01 20:40:35,548 [INFO] [unchanged] FY2017-03 https://travel.state.gov/content/dam/visas/Statistics/Immigrant-Statistics/MonthlyIVIssuances/March%202017%20-%20IV%20Issuances%20by%20FSC%20and%20Visa%20Class%20-%20Worldwide.pdf (no write)
2025-11-01 20:40:36,318 [INFO] [unchanged] FY2017-03 https://travel.state.gov/content/dam/visas/Statistics/Immigrant-Statistics/MonthlyIVIssuances/March%202017%20-%20IV%20Issuances%20by%20Post%20and%20Visa%20Class.pdf (no write)
2025-11-01 20:40:37,117 [INFO] [unchanged] FY2017-04 https://travel.state.gov/content/dam/visas/Statistics/Immigrant-Statistics/MonthlyIVIssuances/APRIL%202017%20-%20IV%20Issuances%20by%20FSC%20and%20Visa%20Class.pdf (no write)
2025-11-01 20:40:38,119 [INFO] [unchanged] FY2017-04 https://travel.state.gov/content/dam/visas/Statistics/Immigrant-Statistics/MonthlyIVIssuances/APRIL%202017%20-%20IV%20Issuances%20by%20Post%20and%20Visa%20Class.pdf (no write)
2025-11-01 20:40:38,989 [INFO] [unchanged] FY2017-05 https://travel.state.gov/content/dam/visas/Statistics/Immigrant-Statistics/MonthlyIVIssuances/MAY%202017%20-%20IV%20Issuances%20by%20FSC%20and%20Visa%20Class.pdf (no write)
2025-11-01 20:40:39,867 [INFO] [unchanged] FY2017-05 https://travel.state.gov/content/dam/visas/Statistics/Immigrant-Statistics/MonthlyIVIssuances/MAY%202017%20-%20IV%20Issuances%20by%20Post%20and%20Visa%20Class.pdf (no write)
2025-11-01 20:40:40,698 [INFO] [unchanged] FY2017-06 https://travel.state.gov/content/dam/visas/Statistics/Immigrant-Statistics/MonthlyIVIssuances/JUNE%202017%20-%20IV%20Issuances%20by%20FSC%20and%20Visa%20Class.pdf (no write)
2025-11-01 20:40:41,567 [INFO] [unchanged] FY2017-06 https://travel.state.gov/content/dam/visas/Statistics/Immigrant-Statistics/MonthlyIVIssuances/JUNE%202017%20-%20IV%20Issuances%20by%20Post%20and%20Visa%20Class.pdf (no write)
2025-11-01 20:40:42,370 [INFO] [unchanged] FY2017-07 https://travel.state.gov/content/dam/visas/Statistics/Immigrant-Statistics/MonthlyIVIssuances/JULY%202017%20-%20IV%20Issuances%20by%20FSC%20and%20Visa%20Class.pdf (no write)
2025-11-01 20:40:43,158 [INFO] [unchanged] FY2017-07 https://travel.state.gov/content/dam/visas/Statistics/Immigrant-Statistics/MonthlyIVIssuances/JULY%202017%20-%20IV%20Issuances%20by%20Post%20and%20Visa%20Class.pdf (no write)
2025-11-01 20:40:44,052 [INFO] [unchanged] FY2017-08 https://travel.state.gov/content/dam/visas/Statistics/Immigrant-Statistics/MonthlyIVIssuances/AUGUST%202017%20-%20IV%20Issuances%20by%20FSC%20and%20Visa%20Class.pdf (no write)
2025-11-01 20:40:44,815 [INFO] [unchanged] FY2017-08 https://travel.state.gov/content/dam/visas/Statistics/Immigrant-Statistics/MonthlyIVIssuances/AUGUST%202017%20-%20IV%20Issuances%20by%20Post%20and%20Visa%20Class.pdf (no write)
2025-11-01 20:40:45,630 [INFO] [unchanged] FY2017-09 https://travel.state.gov/content/dam/visas/Statistics/Immigrant-Statistics/MonthlyIVIssuances/SEPTEMBER%202017%20-%20IV%20Issuances%20by%20FSC%20and%20Visa%20Class.pdf (no write)
2025-11-01 20:40:46,857 [INFO] [unchanged] FY2017-09 https://travel.state.gov/content/dam/visas/Statistics/Immigrant-Statistics/MonthlyIVIssuances/SEPTEMBER%202017%20-%20IV%20Issuances%20by%20Post%20and%20Visa%20Class.pdf (no write)
2025-11-01 20:40:47,648 [INFO] [unchanged] FY2017-10 https://travel.state.gov/content/dam/visas/Statistics/Immigrant-Statistics/MonthlyIVIssuances/OCTOBER%202017%20-%20IV%20Issuances%20by%20FSC%20and%20Visa%20Class.pdf (no write)
2025-11-01 20:40:48,543 [INFO] [unchanged] FY2017-10 https://travel.state.gov/content/dam/visas/Statistics/Immigrant-Statistics/MonthlyIVIssuances/OCTOBER%202017%20-%20IV%20Issuances%20by%20Post%20and%20Visa%20Class.pdf (no write)
2025-11-01 20:40:49,609 [INFO] [unchanged] FY2017-11 https://travel.state.gov/content/dam/visas/Statistics/Immigrant-Statistics/MonthlyIVIssuances/NOVEMBER%202017%20-%20IV%20Issuances%20by%20FSC%20and%20Visa%20Class.pdf (no write)
2025-11-01 20:40:50,427 [INFO] [unchanged] FY2017-11 https://travel.state.gov/content/dam/visas/Statistics/Immigrant-Statistics/MonthlyIVIssuances/NOVEMBER%202017%20-%20IV%20Issuances%20by%20Post%20and%20Visa%20Class.pdf (no write)
2025-11-01 20:40:51,266 [INFO] [unchanged] FY2017-12 https://travel.state.gov/content/dam/visas/Statistics/Immigrant-Statistics/MonthlyIVIssuances/DECEMBER%202017%20-%20IV%20Issuances%20by%20FSC%20and%20Visa%20Class.pdf (no write)
2025-11-01 20:40:52,466 [INFO] [unchanged] FY2017-12 https://travel.state.gov/content/dam/visas/Statistics/Immigrant-Statistics/MonthlyIVIssuances/DECEMBER%202017%20-%20IV%20Issuances%20by%20Post%20and%20Visa%20Class.pdf (no write)
2025-11-01 20:41:08,523 [INFO] [unchanged] FY2018-01 https://travel.state.gov/content/dam/visas/Statistics/Immigrant-Statistics/MonthlyIVIssuances/JANUARY%202018%20-%20IV%20Issuances%20by%20FSC%20and%20Visa%20Class.pdf (no write)
2025-11-01 20:41:09,530 [INFO] [unchanged] FY2018-01 https://travel.state.gov/content/dam/visas/Statistics/Immigrant-Statistics/MonthlyIVIssuances/JANUARY%202018%20-%20IV%20Issuances%20by%20Post%20and%20Visa%20Class.pdf (no write)
2025-11-01 20:41:10,489 [INFO] [unchanged] FY2018-02 https://travel.state.gov/content/dam/visas/Statistics/Immigrant-Statistics/MonthlyIVIssuances/FEBRUARY%202018%20-%20IV%20Issuances%20by%20FSC%20and%20Visa%20Class.pdf (no write)
2025-11-01 20:41:11,786 [INFO] [unchanged] FY2018-02 https://travel.state.gov/content/dam/visas/Statistics/Immigrant-Statistics/MonthlyIVIssuances/FEBRUARY%202018%20-%20IV%20Issuances%20by%20Post%20and%20Visa%20Class.pdf (no write)
2025-11-01 20:41:12,695 [INFO] [unchanged] FY2018-03 https://travel.state.gov/content/dam/visas/Statistics/Immigrant-Statistics/MonthlyIVIssuances/MARCH%202018%20-%20IV%20Issuances%20by%20FSC%20and%20Visa%20Class.pdf (no write)
2025-11-01 20:41:13,688 [INFO] [unchanged] FY2018-03 https://travel.state.gov/content/dam/visas/Statistics/Immigrant-Statistics/MonthlyIVIssuances/MARCH%202018%20-%20IV%20Issuances%20by%20Post%20and%20Visa%20Class.pdf (no write)
2025-11-01 20:41:14,541 [INFO] [unchanged] FY2018-04 https://travel.state.gov/content/dam/visas/Statistics/Immigrant-Statistics/MonthlyIVIssuances/APRIL%202018%20-%20IV%20Issuances%20by%20FSC%20and%20Visa%20Class.pdf (no write)
2025-11-01 20:41:16,360 [INFO] [unchanged] FY2018-04 https://travel.state.gov/content/dam/visas/Statistics/Immigrant-Statistics/MonthlyIVIssuances/APRIL%202018%20-%20IV%20Issuances%20by%20Post%20and%20Visa%20Class.pdf (no write)
2025-11-01 20:41:17,304 [INFO] [unchanged] FY2018-05 https://travel.state.gov/content/dam/visas/Statistics/Immigrant-Statistics/MonthlyIVIssuances/MAY%202018%20-%20IV%20Issuances%20by%20FSC%20and%20Visa%20Class.pdf (no write)
2025-11-01 20:41:18,234 [INFO] [unchanged] FY2018-05 https://travel.state.gov/content/dam/visas/Statistics/Immigrant-Statistics/MonthlyIVIssuances/MAY%202018%20-%20IV%20Issuances%20by%20Post%20and%20Visa%20Class.pdf (no write)
2025-11-01 20:41:19,166 [INFO] [unchanged] FY2018-06 https://travel.state.gov/content/dam/visas/Statistics/Immigrant-Statistics/MonthlyIVIssuances/June%202018%20-%20IV%20Issuances%20by%20FSC%20and%20Visa%20Class.pdf (no write)
2025-11-01 20:41:20,933 [INFO] [unchanged] FY2018-06 https://travel.state.gov/content/dam/visas/Statistics/Immigrant-Statistics/MonthlyIVIssuances/June%202018%20-%20IV%20Issuances%20by%20Post%20and%20Visa%20Class.pdf (no write)
2025-11-01 20:41:21,872 [INFO] [unchanged] FY2018-07 https://travel.state.gov/content/dam/visas/Statistics/Immigrant-Statistics/MonthlyIVIssuances/JULY%202018%20-%20IV%20Issuances%20by%20FSC%20and%20Visa%20Class.pdf (no write)
2025-11-01 20:41:22,811 [INFO] [unchanged] FY2018-07 https://travel.state.gov/content/dam/visas/Statistics/Immigrant-Statistics/MonthlyIVIssuances/JULY%202018%20-%20IV%20Issuances%20by%20Post%20and%20Visa%20Class.pdf (no write)
2025-11-01 20:41:23,666 [INFO] [unchanged] FY2018-08 https://travel.state.gov/content/dam/visas/Statistics/Immigrant-Statistics/MonthlyIVIssuances/AUGUST%202018%20-%20IV%20Issuances%20by%20FSC%20and%20Visa%20Class.pdf (no write)
2025-11-01 20:41:24,636 [INFO] [unchanged] FY2018-08 https://travel.state.gov/content/dam/visas/Statistics/Immigrant-Statistics/MonthlyIVIssuances/AUGUST%202018%20-%20IV%20Issuances%20by%20Post%20and%20Visa%20Class.pdf (no write)
2025-11-01 20:41:25,869 [INFO] [unchanged] FY2018-09 https://travel.state.gov/content/dam/visas/Statistics/Immigrant-Statistics/MonthlyIVIssuances/SEPTEMBER%202018%20-%20IV%20Issuances%20by%20FSC%20and%20Visa%20Class.pdf (no write)
2025-11-01 20:41:27,028 [INFO] [unchanged] FY2018-09 https://travel.state.gov/content/dam/visas/Statistics/Immigrant-Statistics/MonthlyIVIssuances/SEPTEMBER%202018%20-%20IV%20Issuances%20by%20Post%20and%20Visa%20Class.pdf (no write)
2025-11-01 20:41:28,234 [INFO] [unchanged] FY2018-10 https://travel.state.gov/content/dam/visas/Statistics/Immigrant-Statistics/MonthlyIVIssuances/October%202018%20-%20IV%20Issuances%20by%20FSC%20and%20Visa%20Class.pdf (no write)
2025-11-01 20:41:29,183 [INFO] [unchanged] FY2018-10 https://travel.state.gov/content/dam/visas/Statistics/Immigrant-Statistics/MonthlyIVIssuances/October%202018%20-%20IV%20Issuances%20by%20Post%20and%20Visa%20Class.pdf (no write)
2025-11-01 20:41:30,071 [INFO] [unchanged] FY2018-11 https://travel.state.gov/content/dam/visas/Statistics/Immigrant-Statistics/MonthlyIVIssuances/November%202018%20-%20IV%20Issuances%20by%20FSC%20and%20Visa%20Class.pdf (no write)
2025-11-01 20:41:31,043 [INFO] [unchanged] FY2018-11 https://travel.state.gov/content/dam/visas/Statistics/Immigrant-Statistics/MonthlyIVIssuances/November%202018%20-%20IV%20Issuances%20by%20Post%20and%20Visa%20Class.pdf (no write)
2025-11-01 20:41:32,027 [INFO] [unchanged] FY2018-12 https://travel.state.gov/content/dam/visas/Statistics/Immigrant-Statistics/MonthlyIVIssuances/DECEMBER%202018%20-%20IV%20Issuances%20by%20FSC%20and%20Visa%20Class.pdf (no write)
2025-11-01 20:41:32,974 [INFO] [unchanged] FY2018-12 https://travel.state.gov/content/dam/visas/Statistics/Immigrant-Statistics/MonthlyIVIssuances/DECEMBER%202018%20-%20IV%20Issuances%20by%20Post%20and%20Visa%20Class.pdf (no write)
2025-11-01 20:41:33,932 [INFO] [unchanged] FY2019-01 https://travel.state.gov/content/dam/visas/Statistics/Immigrant-Statistics/MonthlyIVIssuances/JANUARY%202019%20-%20IV%20Issuances%20by%20FSC%20and%20Visa%20Class.pdf (no write)
2025-11-01 20:41:35,154 [INFO] [unchanged] FY2019-01 https://travel.state.gov/content/dam/visas/Statistics/Immigrant-Statistics/MonthlyIVIssuances/JANUARY%202019%20-%20IV%20Issuances%20by%20Post%20and%20Visa%20Class.pdf (no write)
2025-11-01 20:41:36,047 [INFO] [unchanged] FY2019-02 https://travel.state.gov/content/dam/visas/Statistics/Immigrant-Statistics/MonthlyIVIssuances/FEBRUARY%202019%20-%20IV%20Issuances%20by%20FSC%20and%20Visa%20Class.pdf (no write)
2025-11-01 20:41:37,044 [INFO] [unchanged] FY2019-02 https://travel.state.gov/content/dam/visas/Statistics/Immigrant-Statistics/MonthlyIVIssuances/FEBRUARY%202019%20-%20IV%20Issuances%20by%20Post%20and%20Visa%20Class.pdf (no write)
2025-11-01 20:41:38,024 [INFO] [unchanged] FY2019-03 https://travel.state.gov/content/dam/visas/Statistics/Immigrant-Statistics/MonthlyIVIssuances/MARCH%202019%20-%20IV%20Issuances%20by%20FSC%20and%20Visa%20Class.pdf (no write)
2025-11-01 20:41:39,005 [INFO] [unchanged] FY2019-03 https://travel.state.gov/content/dam/visas/Statistics/Immigrant-Statistics/MonthlyIVIssuances/MARCH%202019%20-%20IV%20Issuances%20by%20Post%20and%20Visa%20Class.pdf (no write)
2025-11-01 20:41:40,118 [INFO] [unchanged] FY2019-04 https://travel.state.gov/content/dam/visas/Statistics/Immigrant-Statistics/MonthlyIVIssuances/APRIL%202019%20-%20IV%20Issuances%20by%20FSC%20and%20Visa%20Class.pdf (no write)
2025-11-01 20:41:41,034 [INFO] [unchanged] FY2019-04 https://travel.state.gov/content/dam/visas/Statistics/Immigrant-Statistics/MonthlyIVIssuances/APRIL%202019%20-%20IV%20Issuances%20by%20Post%20and%20Visa%20Class.pdf (no write)
2025-11-01 20:41:41,934 [INFO] [unchanged] FY2019-05 https://travel.state.gov/content/dam/visas/Statistics/Immigrant-Statistics/MonthlyIVIssuances/MAY%202019%20-%20IV%20Issuances%20by%20FSC%20and%20Visa%20Class.pdf (no write)
2025-11-01 20:41:42,932 [INFO] [unchanged] FY2019-05 https://travel.state.gov/content/dam/visas/Statistics/Immigrant-Statistics/MonthlyIVIssuances/MAY%202019%20-%20IV%20Issuances%20by%20Post%20and%20Visa%20Class.pdf (no write)
2025-11-01 20:41:43,914 [INFO] [unchanged] FY2019-06 https://travel.state.gov/content/dam/visas/Statistics/Immigrant-Statistics/MonthlyIVIssuances/JUNE%202019%20-%20IV%20Issuances%20by%20FSC%20and%20Visa%20Class.pdf (no write)
2025-11-01 20:41:45,052 [INFO] [unchanged] FY2019-06 https://travel.state.gov/content/dam/visas/Statistics/Immigrant-Statistics/MonthlyIVIssuances/JUNE%202019%20-%20IV%20Issuances%20by%20Post%20and%20Visa%20Class.pdf (no write)
2025-11-01 20:42:02,092 [INFO] [unchanged] FY2019-07 https://travel.state.gov/content/dam/visas/Statistics/Immigrant-Statistics/MonthlyIVIssuances/JULY%202019%20-%20IV%20Issuances%20by%20FSC%20and%20Visa%20Class.pdf (no write)
2025-11-01 20:42:02,912 [INFO] [unchanged] FY2019-07 https://travel.state.gov/content/dam/visas/Statistics/Immigrant-Statistics/MonthlyIVIssuances/JULY%202019%20-%20IV%20Issuances%20by%20Post%20and%20Visa%20Class.pdf (no write)
2025-11-01 20:42:03,757 [INFO] [unchanged] FY2019-08 https://travel.state.gov/content/dam/visas/Statistics/Immigrant-Statistics/MonthlyIVIssuances/AUGUST%202019%20-%20IV%20Issuances%20by%20FSC%20and%20Visa%20Class.pdf (no write)
2025-11-01 20:42:04,549 [INFO] [unchanged] FY2019-08 https://travel.state.gov/content/dam/visas/Statistics/Immigrant-Statistics/MonthlyIVIssuances/AUGUST%202019%20-%20IV%20Issuances%20by%20Post%20and%20Visa%20Class.pdf (no write)
2025-11-01 20:42:05,747 [INFO] [unchanged] FY2019-09 https://travel.state.gov/content/dam/visas/Statistics/Immigrant-Statistics/MonthlyIVIssuances/SEPTEMBER%202019%20-%20IV%20Issuances%20by%20FSC%20and%20Visa%20Class.pdf (no write)
2025-11-01 20:42:06,517 [INFO] [unchanged] FY2019-09 https://travel.state.gov/content/dam/visas/Statistics/Immigrant-Statistics/MonthlyIVIssuances/SEPTEMBER%202019%20-%20IV%20Issuances%20by%20Post%20and%20Visa%20Class.pdf (no write)
2025-11-01 20:42:07,723 [INFO] [unchanged] FY2019-10 https://travel.state.gov/content/dam/visas/Statistics/Immigrant-Statistics/MonthlyIVIssuances/OCTOBER%202019%20IV%20Issuances%20by%20FSC%20and%20Visa%20Class.pdf (no write)
2025-11-01 20:42:08,575 [INFO] [unchanged] FY2019-10 https://travel.state.gov/content/dam/visas/Statistics/Immigrant-Statistics/MonthlyIVIssuances/OCTOBER%202019%20IV%20Issuances%20by%20Post%20and%20Visa%20Class.pdf (no write)
2025-11-01 20:42:09,330 [INFO] [unchanged] FY2019-11 https://travel.state.gov/content/dam/visas/Statistics/Immigrant-Statistics/MonthlyIVIssuances/NOVEMBER%202019%20-%20IV%20Issuances%20by%20FSC%20and%20Visa%20Class.pdf (no write)
2025-11-01 20:42:10,085 [INFO] [unchanged] FY2019-11 https://travel.state.gov/content/dam/visas/Statistics/Immigrant-Statistics/MonthlyIVIssuances/NOVEMBER%202019%20-%20IV%20Issuances%20by%20Post%20and%20Visa%20Class.pdf (no write)
2025-11-01 20:42:10,907 [INFO] [unchanged] FY2019-12 https://travel.state.gov/content/dam/visas/Statistics/Immigrant-Statistics/MonthlyIVIssuances/DECEMBER%202019%20-%20IV%20Issuances%20by%20FSC%20and%20Visa%20Class.pdf (no write)
2025-11-01 20:42:11,701 [INFO] [unchanged] FY2019-12 https://travel.state.gov/content/dam/visas/Statistics/Immigrant-Statistics/MonthlyIVIssuances/DECEMBER%202019%20-%20IV%20Issuances%20by%20Post%20and%20Visa%20Class.pdf (no write)
2025-11-01 20:42:12,776 [INFO] [unchanged] FY2020-01 https://travel.state.gov/content/dam/visas/Statistics/Immigrant-Statistics/MonthlyIVIssuances/JANUARY%202020%20-%20IV%20Issuances%20by%20FSC%20and%20Visa%20Class.pdf (no write)
2025-11-01 20:42:13,635 [INFO] [unchanged] FY2020-01 https://travel.state.gov/content/dam/visas/Statistics/Immigrant-Statistics/MonthlyIVIssuances/JANUARY%202020%20-%20IV%20Issuances%20by%20Post%20and%20Visa%20Class.pdf (no write)
2025-11-01 20:42:14,534 [INFO] [unchanged] FY2020-02 https://travel.state.gov/content/dam/visas/Statistics/Immigrant-Statistics/MonthlyIVIssuances/FEBRUARY%202020%20-%20IV%20Issuances%20by%20FSC%20and%20Visa%20Class.pdf (no write)
2025-11-01 20:42:16,384 [INFO] [unchanged] FY2020-02 https://travel.state.gov/content/dam/visas/Statistics/Immigrant-Statistics/MonthlyIVIssuances/FEBRUARY%202020%20-%20IV%20Issuances%20by%20Post%20and%20Visa%20Class.pdf (no write)
