2025-11-01 20:37:09,286 [WARNING] GET retry 1 for https://travel.state.gov/content/travel/en/legal/visa-law0/visa-statistics.html: HTTPSConnectionPool(host='travel.state.gov', port=443): Read timed out. (read timeout=10)
2025-11-01 20:37:10,630 [INFO] IV: 263 file(s) discovered
2025-11-01 20:37:10,712 [INFO] NIV: 263 file(s) discovered
2025-11-01 20:37:11,223 [INFO] [unchanged] FY2017-03 https://travel.state.gov/content/dam/visas/Statistics/Immigrant-Statistics/MonthlyIVIssuances/March%202017%20-%20IV%20Issuances%20by%20FSC%20and%20Visa%20Class%20-%20Worldwide.pdf (no write)
2025-11-01 20:37:12,191 [INFO] [unchanged] FY2017-03 https://travel.state.gov/content/dam/visas/Statistics/Immigrant-Statistics/MonthlyIVIssuances/March%202017%20-%20IV%20Issuances%20by%20Post%20and%20Visa%20Class.pdf (no write)
2025-11-01 20:37:13,207 [INFO] [unchanged] FY2017-04 https://travel.state.gov/content/dam/visas/Statistics/Immigrant-Statistics/MonthlyIVIssuances/APRIL%202017%20-%20IV%20Issuances%20by%20FSC%20and%20Visa%20Class.pdf (no write)
2025-11-01 20:37:14,029 [INFO] [unchanged] FY2017-04 https://travel.state.gov/content/dam/visas/Statistics/Immigrant-Statistics/MonthlyIVIssuances/APRIL%202017%20-%20IV%20Issuances%20by%20Post%20and%20Visa%20Class.pdf (no write)
2025-11-01 20:37:14,914 [INFO] [unchanged] FY2017-05 https://travel.state.gov/content/dam/visas/Statistics/Immigrant-Statistics/MonthlyIVIssuances/MAY%202017%20-%20IV%20Issuances%20by%20FSC%20and%20Visa%20Class.pdf (no write)
2025-11-01 20:37:15,676 [INFO] [unchanged] FY2017-05 https://travel.state.gov/content/dam/visas/Statistics/Immigrant-Statistics/MonthlyIVIssuances/MAY%202017%20-%20IV%20Issuances%20by%20Post%20and%20Visa%20Class.pdf (no write)
2025-11-01 20:37:16,576 [INFO] [unchanged] FY2017-06 https://travel.state.gov/content/dam/visas/Statistics/Immigrant-Statistics/MonthlyIVIssuances/JUNE%202017%20-%20IV%20Issuances%20by%20FSC%20and%20Visa%20Class.pdf (no write)
2025-11-01 20:37:17,487 [INFO] [unchanged] FY2017-06 https://travel.state.gov/content/dam/visas/Statistics/Immigrant-Statistics/MonthlyIVIssuances/JUNE%202017%20-%20IV%20Issuances%20by%20Post%20and%20Visa%20Class.pdf (no write)
2025-11-01 20:37:18,396 [INFO] [unchanged] FY2017-07 https://travel.state.gov/content/dam/visas/Statistics/Immigrant-Statistics/MonthlyIVIssuances/JULY%202017%20-%20IV%20Issuances%20by%20FSC%20and%20Visa%20Class.pdf (no write)
2025-11-01 20:37:19,378 [INFO] [unchanged] FY2017-07 https://travel.state.gov/content/dam/visas/Statistics/Immigrant-Statistics/MonthlyIVIssuances/JULY%202017%20-%20IV%20Issuances%20by%20Post%20and%20Visa%20Class.pdf (no write)
2025-11-01 20:37:20,712 [INFO] [unchanged] FY2017-08 https://travel.state.gov/content/dam/visas/Statistics/Immigrant-Statistics/MonthlyIVIssuances/AUGUST%202017%20-%20IV%20Issuances%20by%20FSC%20and%20Visa%20Class.pdf (no write)
2025-11-01 20:37:21,681 [INFO] [unchanged] FY2017-08 https://travel.state.gov/content/dam/visas/Statistics/Immigrant-Statistics/MonthlyIVIssuances/AUGUST%202017%20-%20IV%20Issuances%20by%20Post%20and%20Visa%20Class.pdf (no write)
2025-11-01 20:37:22,588 [INFO] [unchanged] FY2017-09 https://travel.state.gov/content/dam/visas/Statistics/Immigrant-Statistics/MonthlyIVIssuances/SEPTEMBER%202017%20-%20IV%20Issuances%20by%20FSC%20and%20Visa%20Class.pdf (no write)
2025-11-01 20:37:23,533 [INFO] [unchanged] FY2017-09 https://travel.state.gov/content/dam/visas/Statistics/Immigrant-Statistics/MonthlyIVIssuances/SEPTEMBER%202017%20-%20IV%20Issuances%20by%20Post%20and%20Visa%20Class.pdf (no write)
2025-11-01 20:37:24,343 [INFO] [unchanged] FY2017-10 https://travel.state.gov/content/dam/visas/Statistics/Immigrant-Statistics/MonthlyIVIssuances/OCTOBER%202017%20-%20IV%20Issuances%20by%20FSC%20and%20Visa%20Class.pdf (no write)
2025-11-01 20:37:25,209 [INFO] [unchanged] FY2017-10 https://travel.state.gov/content/dam/visas/Statistics/Immigrant-Statistics/MonthlyIVIssuances/OCTOBER%202017%20-%20IV%20Issuances%20by%20Post%20and%20Visa%20Class.pdf (no write)
2025-11-01 20:37:26,393 [INFO] [unchanged] FY2017-11 https://travel.state.gov/content/dam/visas/Statistics/Immigrant-Statistics/MonthlyIVIssuances/NOVEMBER%202017%20-%20IV%20Issuances%20by%20FSC%20and%20Visa%20Class.pdf (no write)
2025-11-01 20:37:27,235 [INFO] [unchanged] FY2017-11 https://travel.state.gov/content/dam/visas/Statistics/Immigrant-Statistics/MonthlyIVIssuances/NOVEMBER%202017%20-%20IV%20Issuances%20by%20Post%20and%20Visa%20Class.pdf (no write)
2025-11-01 20:37:28,095 [INFO] [unchanged] FY2017-12 https://travel.state.gov/content/dam/visas/Statistics/Immigrant-Statistics/MonthlyIVIssuances/DECEMBER%202017%20-%20IV%20Issuances%20by%20FSC%20and%20Visa%20Class.pdf (no write)
2025-11-01 20:37:28,954 [INFO] [unchanged] FY2017-12 https://travel.state.gov/content/dam/visas/Statistics/Immigrant-Statistics/MonthlyIVIssuances/DECEMBER%202017%20-%20IV%20Issuances%20by%20Post%20and%20Visa%20Class.pdf (no write)
2025-11-01 20:37:29,769 [INFO] [unchanged] FY2018-01 https://travel.state.gov/content/dam/visas/Statistics/Immigrant-Statistics/MonthlyIVIssuances/JANUARY%202018%20-%20IV%20Issuances%20by%20FSC%20and%20Visa%20Class.pdf (no write)
2025-11-01 20:37:30,831 [INFO] [unchanged] FY2018-01 https://travel.state.gov/content/dam/visas/Statistics/Immigrant-Statistics/MonthlyIVIssuances/JANUARY%202018%20-%20IV%20Issuances%20by%20Post%20and%20Visa%20Class.pdf (no write)
2025-11-01 20:37:31,793 [INFO] [unchanged] FY2018-02 https://travel.state.gov/content/dam/visas/Statistics/Immigrant-Statistics/MonthlyIVIssuances/FEBRUARY%202018%20-%20IV%20Issuances%20by%20FSC%20and%20Visa%20Class.pdf (no write)
2025-11-01 20:37:32,683 [INFO] [unchanged] FY2018-02 https://travel.state.gov/content/dam/visas/Statistics/Immigrant-Statistics/MonthlyIVIssuances/FEBRUARY%202018%20-%20IV%20Issuances%20by%20Post%20and%20Visa%20Class.pdf (no write)
2025-11-01 20:37:33,631 [INFO] [unchanged] FY2018-03 https://travel.state.gov/content/dam/visas/Statistics/Immigrant-Statistics/MonthlyIVIssuances/MARCH%202018%20-%20IV%20Issuances%20by%20FSC%20and%20Visa%20Class.pdf (no write)
2025-11-01 20:37:34,444 [INFO] [unchanged] FY2018-03 https://travel.state.gov/content/dam/visas/Statistics/Immigrant-Statistics/MonthlyIVIssuances/MARCH%202018%20-%20IV%20Issuances%20by%20Post%20and%20Visa%20Class.pdf (no write)
2025-11-01 20:37:35,378 [INFO] [unchanged] FY2018-04 https://travel.state.gov/content/dam/visas/Statistics/Immigrant-Statistics/MonthlyIVIssuances/APRIL%202018%20-%20IV%20Issuances%20by%20FSC%20and%20Visa%20Class.pdf (no write)
2025-11-01 20:37:36,304 [INFO] [unchanged] FY2018-04 https://travel.state.gov/content/dam/visas/Statistics/Immigrant-Statistics/MonthlyIVIssuances/APRIL%202018%20-%20IV%20Issuances%20by%20Post%20and%20Visa%20Class.pdf (no write)
2025-11-01 20:37:37,456 [INFO] [unchanged] FY2018-05 https://travel.state.gov/content/dam/visas/Statistics/Immigrant-Statistics/MonthlyIVIssuances/MAY%202018%20-%20IV%20Issuances%20by%20FSC%20and%20Visa%20Class.pdf (no write)
2025-11-01 20:37:38,342 [INFO] [unchanged] FY2018-05 https://travel.state.gov/content/dam/visas/Statistics/Immigrant-Statistics/MonthlyIVIssuances/MAY%202018%20-%20IV%20Issuances%20by%20Post%20and%20Visa%20Class.pdf (no write)
2025-11-01 20:37:39,155 [INFO] [unchanged] FY2018-06 https://travel.state.gov/content/dam/visas/Statistics/Immigrant-Statistics/MonthlyIVIssuances/June%202018%20-%20IV%20Issuances%20by%20FSC%20and%20Visa%20Class.pdf (no write)
2025-11-01 20:37:40,013 [INFO] [unchanged] FY2018-06 https://travel.state.gov/content/dam/visas/Statistics/Immigrant-Statistics/MonthlyIVIssuances/June%202018%20-%20IV%20Issuances%20by%20Post%20and%20Visa%20Class.pdf (no write)
2025-11-01 20:37:41,074 [INFO] [unchanged] FY2018-07 https://travel.state.gov/content/dam/visas/Statistics/Immigrant-Statistics/MonthlyIVIssuances/JULY%202018%20-%20IV%20Issuances%20by%20FSC%20and%20Visa%20Class.pdf (no write)
2025-11-01 20:37:42,071 [INFO] [unchanged] FY2018-07 https://travel.state.gov/content/dam/visas/Statistics/Immigrant-Statistics/MonthlyIVIssuances/JULY%202018%20-%20IV%20Issuances%20by%20Post%20and%20Visa%20Class.pdf (no write)
2025-11-01 20:37:42,984 [INFO] [unchanged] FY2018-08 https://travel.state.gov/content/dam/visas/Statistics/Immigrant-Statistics/MonthlyIVIssuances/AUGUST%202018%20-%20IV%20Issuances%20by%20FSC%20and%20Visa%20Class.pdf (no write)
2025-11-01 20:37:43,925 [INFO] [unchanged] FY2018-08 https://travel.state.gov/content/dam/visas/Statistics/Immigrant-Statistics/MonthlyIVIssuances/AUGUST%202018%20-%20IV%20Issuances%20by%20Post%20and%20Visa%20Class.pdf (no write)
2025-11-01 20:37:44,814 [INFO] [unchanged] FY2018-09 https://travel.state.gov/content/dam/visas/Statistics/Immigrant-Statistics/MonthlyIVIssuances/SEPTEMBER%202018%20-%20IV%20Issuances%20by%20FSC%20and%20Visa%20Class.pdf (no write)
2025-11-01 20:37:45,614 [INFO] [unchanged] FY2018-09 https://travel.state.gov/content/dam/visas/Statistics/Immigrant-Statistics/MonthlyIVIssuances/SEPTEMBER%202018%20-%20IV%20Issuances%20by%20Post%20and%20Visa%20Class.pdf (no write)
2025-11-01 20:37:46,538 [INFO] [unchanged] FY2018-10 https://travel.state.gov/content/dam/visas/Statistics/Immigrant-Statistics/MonthlyIVIssuances/October%202018%20-%20IV%20Issuances%20by%20FSC%20and%20Visa%20Class.pdf (no write)
2025-11-01 20:37:47,521 [INFO] [unchanged] FY2018-10 https://travel.state.gov/content/dam/visas/Statistics/Immigrant-Statistics/MonthlyIVIssuances/October%202018%20-%20IV%20Issuances%20by%20Post%20and%20Visa%20Class.pdf (no write)
2025-11-01 20:37:48,432 [INFO] [unchanged] FY2018-11 https://travel.state.gov/content/dam/visas/Statistics/Immigrant-Statistics/MonthlyIVIssuances/November%202018%20-%20IV%20Issuances%20by%20FSC%20and%20Visa%20Class.pdf (no write)
2025-11-01 20:37:49,289 [INFO] [unchanged] FY2018-11 https://travel.state.gov/content/dam/visas/Statistics/Immigrant-Statistics/MonthlyIVIssuances/November%202018%20-%20IV%20Issuances%20by%20Post%20and%20Visa%20Class.pdf (no write)
2025-11-01 20:37:50,094 [INFO] [unchanged] FY2018-12 https://travel.state.gov/content/dam/visas/Statistics/Immigrant-Statistics/MonthlyIVIssuances/DECEMBER%202018%20-%20IV%20Issuances%20by%20FSC%20and%20Visa%20Class.pdf (no write)
2025-11-01 20:37:51,038 [INFO] [unchanged] FY2018-12 https://travel.state.gov/content/dam/visas/Statistics/Immigrant-Statistics/MonthlyIVIssuances/DECEMBER%202018%20-%20IV%20Issuances%20by%20Post%20and%20Visa%20Class.pdf (no write)
2025-11-01 20:37:51,896 [INFO] [unchanged] FY2019-01 https://travel.state.gov/content/dam/visas/Statistics/Immigrant-Statistics/MonthlyIVIssuances/JANUARY%202019%20-%20IV%20Issuances%20by%20FSC%20and%20Visa%20Class.pdf (no write)
2025-11-01 20:37:53,061 [INFO] [unchanged] FY2019-01 https://travel.state.gov/content/dam/visas/Statistics/Immigrant-Statistics/MonthlyIVIssuances/JANUARY%202019%20-%20IV%20Issuances%20by%20Post%20and%20Visa%20Class.pdf (no write)
2025-11-01 20:37:53,949 [INFO] [unchanged] FY2019-02 https://travel.state.gov/content/dam/visas/Statistics/Immigrant-Statistics/MonthlyIVIssuances/FEBRUARY%202019%20-%20IV%20Issuances%20by%20FSC%20and%20Visa%20Class.pdf (no write)
2025-11-01 20:37:54,792 [INFO] [unchanged] FY2019-02 https://travel.state.gov/content/dam/visas/Statistics/Immigrant-Statistics/MonthlyIVIssuances/FEBRUARY%202019%20-%20IV%20Issuances%20by%20Post%20and%20Visa%20Class.pdf (no write)
2025-11-01 20:37:55,652 [INFO] [unchanged] FY2019-03 https://travel.state.gov/content/dam/visas/Statistics/Immigrant-Statistics/MonthlyIVIssuances/MARCH%202019%20-%20IV%20Issuances%20by%20FSC%20and%20Visa%20Class.pdf (no write)
2025-11-01 20:37:56,816 [INFO] [unchanged] FY2019-03 https://travel.state.gov/content/dam/visas/Statistics/Immigrant-Statistics/MonthlyIVIssuances/MARCH%202019%20-%20IV%20Issuances%20by%20Post%20and%20Visa%20Class.pdf (no write)
2025-11-01 20:37:58,038 [INFO] [unchanged] FY2019-04 https://travel.state.gov/content/dam/visas/Statistics/Immigrant-Statistics/MonthlyIVIssuances/APRIL%202019%20-%20IV%20Issuances%20by%20FSC%20and%20Visa%20Class.pdf (no write)
2025-11-01 20:37:58,981 [INFO] [unchanged] FY2019-04 https://travel.state.gov/content/dam/visas/Statistics/Immigrant-Statistics/MonthlyIVIssuances/APRIL%202019%20-%20IV%20Issuances%20by%20Post%20and%20Visa%20Class.pdf (no write)
2025-11-01 20:37:59,881 [INFO] [unchanged] FY2019-05 https://travel.state.gov/content/dam/visas/Statistics/Immigrant-Statistics/MonthlyIVIssuances/MAY%202019%20-%20IV%20Issuances%20by%20FSC%20and%20Visa%20Class.pdf (no write)
2025-11-01 20:38:00,982 [INFO] [unchanged] FY2019-05 https://travel.state.gov/content/dam/visas/Statistics/Immigrant-Statistics/MonthlyIVIssuances/MAY%202019%20-%20IV%20Issuances%20by%20Post%20and%20Visa%20Class.pdf (no write)
2025-11-01 20:38:02,139 [INFO] [unchanged] FY2019-06 https://travel.state.gov/content/dam/visas/Statistics/Immigrant-Statistics/MonthlyIVIssuances/JUNE%202019%20-%20IV%20Issuances%20by%20FSC%20and%20Visa%20Class.pdf (no write)
2025-11-01 20:38:04,014 [INFO] [unchanged] FY2019-06 https://travel.state.gov/content/dam/visas/Statistics/Immigrant-Statistics/MonthlyIVIssuances/JUNE%202019%20-%20IV%20Issuances%20by%20Post%20and%20Visa%20Class.pdf (no write)
2025-11-01 20:38:05,525 [INFO] [unchanged] FY2019-07 https://travel.state.gov/content/dam/visas/Statistics/Immigrant-Statistics/MonthlyIVIssuances/JULY%202019%20-%20IV%20Issuances%20by%20FSC%20and%20Visa%20Class.pdf (no write)
2025-11-01 20:38:06,771 [INFO] [unchanged] FY2019-07 https://travel.state.gov/content/dam/visas/Statistics/Immigrant-Statistics/MonthlyIVIssuances/JULY%202019%20-%20IV%20Issuances%20by%20Post%20and%20Visa%20Class.pdf (no write)
2025-11-01 20:38:08,447 [INFO] [unchanged] FY2019-08 https://travel.state.gov/content/dam/visas/Statistics/Immigrant-Statistics/MonthlyIVIssuances/AUGUST%202019%20-%20IV%20Issuances%20by%20FSC%20and%20Visa%20Class.pdf (no write)
2025-11-01 20:38:10,065 [INFO] [unchanged] FY2019-08 https://travel.state.gov/content/dam/visas/Statistics/Immigrant-Statistics/MonthlyIVIssuances/AUGUST%202019%20-%20IV%20Issuances%20by%20Post%20and%20Visa%20Class.pdf (no write)
2025-11-01 20:38:10,962 [INFO] [unchanged] FY2019-09 https://travel.state.gov/content/dam/visas/Statistics/Immigrant-Statistics/MonthlyIVIssuances/SEPTEMBER%202019%20-%20IV%20Issuances%20by%20FSC%20and%20Visa%20Class.pdf (no write)
2025-11-01 20:38:12,074 [INFO] [unchanged] FY2019-09 https://travel.state.gov/content/dam/visas/Statistics/Immigrant-Statistics/MonthlyIVIssuances/SEPTEMBER%202019%20-%20IV%20Issuances%20by%20Post%20and%20Visa%20Class.pdf (no write)
2025-11-01 20:38:12,961 [INFO] [unchanged] FY2019-10 https://travel.state.gov/content/dam/visas/Statistics/Immigrant-Statistics/MonthlyIVIssuances/OCTOBER%202019%20IV%20Issuances%20by%20FSC%20and%20Visa%20Class.pdf (no write)
2025-11-01 20:38:13,773 [INFO] [unchanged] FY2019-10 https://travel.state.gov/content/dam/visas/Statistics/Immigrant-Statistics/MonthlyIVIssuances/OCTOBER%202019%20IV%20Issuances%20by%20Post%20and%20Visa%20Class.pdf (no write)
2025-11-01 20:38:14,912 [INFO] [unchanged] FY2019-11 https://travel.state.gov/content/dam/visas/Statistics/Immigrant-Statistics/MonthlyIVIssuances/NOVEMBER%202019%20-%20IV%20Issuances%20by%20FSC%20and%20Visa%20Class.pdf (no write)
2025-11-01 20:38:15,810 [INFO] [unchanged] FY2019-11 https://travel.state.gov/content/dam/visas/Statistics/Immigrant-Statistics/MonthlyIVIssuances/NOVEMBER%202019%20-%20IV%20Issuances%20by%20Post%20and%20Visa%20Class.pdf (no write)
2025-11-01 20:38:16,703 [INFO] [unchanged] FY2019-12 https://travel.state.gov/content/dam/visas/Statistics/Immigrant-Statistics/MonthlyIVIssuances/DECEMBER%202019%20-%20IV%20Issuances%20by%20FSC%20and%20Visa%20Class.pdf (no write)
2025-11-01 20:38:17,744 [INFO] [unchanged] FY2019-12 https://travel.state.gov/content/dam/visas/Statistics/Immigrant-Statistics/MonthlyIVIssuances/DECEMBER%202019%20-%20IV%20Issuances%20by%20Post%20and%20Visa%20Class.pdf (no write)
2025-11-01 20:38:19,060 [INFO] [unchanged] FY2020-01 https://travel.state.gov/content/dam/visas/Statistics/Immigrant-Statistics/MonthlyIVIssuances/JANUARY%202020%20-%20IV%20Issuances%20by%20FSC%20and%20Visa%20Class.pdf (no write)
2025-11-01 20:38:19,919 [INFO] [unchanged] FY2020-01 https://travel.state.gov/content/dam/visas/Statistics/Immigrant-Statistics/MonthlyIVIssuances/JANUARY%202020%20-%20IV%20Issuances%20by%20Post%20and%20Visa%20Class.pdf (no write)
2025-11-01 20:38:28,366 [INFO] [unchanged] FY2020-02 https://travel.state.gov/content/dam/visas/Statistics/Immigrant-Statistics/MonthlyIVIssuances/FEBRUARY%202020%20-%20IV%20Issuances%20by%20FSC%20and%20Visa%20Class.pdf (no write)
2025-11-01 20:38:29,274 [INFO] [unchanged] FY2020-02 https://travel.state.gov/content/dam/visas/Statistics/Immigrant-Statistics/MonthlyIVIssuances/FEBRUARY%202020%20-%20IV%20Issuances%20by%20Post%20and%20Visa%20Class.pdf (no write)
2025-11-01 20:38:30,095 [INFO] [unchanged] FY2020-03 https://travel.state.gov/content/dam/visas/Statistics/Immigrant-Statistics/MonthlyIVIssuances/MARCH%202020%20-%20IV%20Issuances%20by%20FSC%20and%20Visa%20Class.pdf (no write)
2025-11-01 20:38:30,840 [INFO] [unchanged] FY2020-03 https://travel.state.gov/content/dam/visas/Statistics/Immigrant-Statistics/MonthlyIVIssuances/MARCH%202020%20-%20IV%20Issuances%20by%20Post%20and%20Visa%20Class.pdf (no write)
2025-11-01 20:38:31,796 [INFO] [unchanged] FY2020-04 https://travel.state.gov/content/dam/visas/Statistics/Immigrant-Statistics/MonthlyIVIssuances/APRIL%202020%20-%20IV%20Issuances%20by%20FSC%20and%20Visa%20Class.pdf (no write)
2025-11-01 20:38:32,662 [INFO] [unchanged] FY2020-04 https://travel.state.gov/content/dam/visas/Statistics/Immigrant-Statistics/MonthlyIVIssuances/APRIL%202020%20-%20IV%20Issuances%20by%20Post%20and%20Visa%20Class.pdf (no write)
2025-11-01 20:38:33,560 [INFO] [unchanged] FY2020-05 https://travel.state.gov/content/dam/visas/Statistics/Immigrant-Statistics/MonthlyIVIssuances/MAY%202020%20-%20IV%20Issuances%20by%20FSC%20and%20Visa%20Class.pdf (no write)
2025-11-01 20:38:34,311 [INFO] [unchanged] FY2020-05 https://travel.state.gov/content/dam/visas/Statistics/Immigrant-Statistics/MonthlyIVIssuances/MAY%202020%20-%20IV%20Issuances%20by%20Post%20and%20Visa%20Class.pdf (no write)
2025-11-01 20:38:35,142 [INFO] [unchanged] FY2020-06 https://travel.state.gov/content/dam/visas/Statistics/Immigrant-Statistics/MonthlyIVIssuances/June%202020%20-%20IV%20Issuances%20by%20FSC%20and%20Visa%20Class.pdf (no write)
2025-11-01 20:38:35,939 [INFO] [unchanged] FY2020-06 https://travel.state.gov/content/dam/visas/Statistics/Immigrant-Statistics/MonthlyIVIssuances/June%202020%20-%20IV%20Issuances%20by%20Post%20and%20Visa%20Class.pdf (no write)
2025-11-01 20:38:36,719 [INFO] [unchanged] FY2020-07 https://travel.state.gov/content/dam/visas/Statistics/Immigrant-Statistics/MonthlyIVIssuances/JULY%202020%20%20-%20IV%20Issuances%20by%20FSC%20and%20Visa%20Class.pdf (no write)
2025-11-01 20:38:37,468 [INFO] [unchanged] FY2020-07 https://travel.state.gov/content/dam/visas/Statistics/Immigrant-Statistics/MonthlyIVIssuances/JULY%202020%20-%20IV%20Issuances%20by%20Post%20and%20Visa%20Class.pdf (no write)
2025-11-01 20:38:38,270 [INFO] [unchanged] FY2020-08 https://travel.state.gov/content/dam/visas/Statistics/Immigrant-Statistics/MonthlyIVIssuances/AUGUST%202020%20-%20IV%20Issuances%20by%20FSC%20and%20Visa%20Class.pdf (no write)
2025-11-01 20:38:39,171 [INFO] [unchanged] FY2020-08 https://travel.state.gov/content/dam/visas/Statistics/Immigrant-Statistics/MonthlyIVIssuances/AUGUST%202020%20-%20IV%20Issuances%20by%20Post%20and%20Visa%20Class.pdf (no write)
2025-11-01 20:38:40,108 [INFO] [unchanged] FY2020-09 https://travel.state.gov/content/dam/visas/Statistics/Immigrant-Statistics/MonthlyIVIssuances/SEPT%202020%20-%20IV%20Issuances%20by%20FSC%20and%20Visa%20Class.pdf (no write)
2025-11-01 20:38:41,123 [INFO] [unchanged] FY2020-09 https://travel.state.gov/content/dam/visas/Statistics/Immigrant-Statistics/MonthlyIVIssuances/SEPT%202020%20-%20IV%20Issuances%20by%20Post%20and%20Visa%20Class.pdf (no write)
2025-11-01 20:38:41,925 [INFO] [unchanged] FY2020-10 https://travel.state.gov/content/dam/visas/Statistics/Immigrant-Statistics/MonthlyIVIssuances/OCTOBER%202020%20-%20IV%20Issuances%20by%20FSC%20and%20Visa%20Class.pdf (no write)
2025-11-01 20:38:42,758 [INFO] [unchanged] FY2020-10 https://travel.state.gov/content/dam/visas/Statistics/Immigrant-Statistics/MonthlyIVIssuances/OCTOBER%202020%20-%20IV%20Issuances%20by%20Post%20and%20Visa%20Class.pdf (no write)
2025-11-01 20:38:43,618 [INFO] [unchanged] FY2020-11 https://travel.state.gov/content/dam/visas/Statistics/Immigrant-Statistics/MonthlyIVIssuances/NOVEMBER%202020%20-%20IV%20Issuances%20by%20FSC%20and%20Visa%20Class.pdf (no write)
2025-11-01 20:38:44,483 [INFO] [unchanged] FY2020-11 https://travel.state.gov/content/dam/visas/Statistics/Immigrant-Statistics/MonthlyIVIssuances/NOVEMBER%202020%20-%20IV%20Issuances%20by%20Post%20and%20Visa%20Class.pdf (no write)
2025-11-01 20:38:45,266 [INFO] [unchanged] FY2020-12 https://travel.state.gov/content/dam/visas/Statistics/Immigrant-Statistics/MonthlyIVIssuances/DECEMBER%202020%20-%20IV%20Issuances%20by%20FSC%20and%20Visa%20Class.pdf (no write)
2025-11-01 20:38:46,086 [INFO] [unchanged] FY2020-12 https://travel.state.gov/content/dam/visas/Statistics/Immigrant-Statistics/MonthlyIVIssuances/DECEMBER%202020%20-%20IV%20Issuances%20by%20Post%20and%20Visa%20Class.pdf (no write)
2025-11-01 20:38:46,897 [INFO] [unchanged] FY2021-01 https://travel.state.gov/content/dam/visas/Statistics/Immigrant-Statistics/MonthlyIVIssuances/JANUARY%202021%20-%20IV%20Issuances%20by%20FSC%20and%20Visa%20Class.pdf (no write)
2025-11-01 20:38:47,767 [INFO] [unchanged] FY2021-01 https://travel.state.gov/content/dam/visas/Statistics/Immigrant-Statistics/MonthlyIVIssuances/JANUARY%202021%20-%20IV%20Issuances%20by%20Post%20and%20Visa%20Class.pdf (no write)
2025-11-01 20:38:48,623 [INFO] [unchanged] FY2021-02 https://travel.state.gov/content/dam/visas/Statistics/Immigrant-Statistics/MonthlyIVIssuances/FEBRUARY%202021%20-%20IV%20Issuances%20by%20FSC%20and%20Visa%20Class.pdf (no write)
2025-11-01 20:38:49,655 [INFO] [unchanged] FY2021-02 https://travel.state.gov/content/dam/visas/Statistics/Immigrant-Statistics/MonthlyIVIssuances/FEBRUARY%202021%20-%20IV%20Issuances%20by%20Post%20and%20Visa%20Class.pdf (no write)
2025-11-01 20:38:50,517 [INFO] [unchanged] FY2021-03 https://travel.state.gov/content/dam/visas/Statistics/Immigrant-Statistics/MonthlyIVIssuances/MARCH%202021%20-%20IV%20Issuances%20by%20FSC%20or%20Place%20of%20Birth%20and%20Visa%20Class.pdf (no write)
2025-11-01 20:38:51,302 [INFO] [unchanged] FY2021-03 https://travel.state.gov/content/dam/visas/Statistics/Immigrant-Statistics/MonthlyIVIssuances/MARCH%202021%20-%20IV%20Issuances%20by%20Post%20and%20Visa%20Class.pdf (no write)
2025-11-01 20:38:52,538 [INFO] [unchanged] FY2021-04 https://travel.state.gov/content/dam/visas/Statistics/Immigrant-Statistics/MonthlyIVIssuances/APRIL%202021%20-%20IV%20Issuances%20by%20FSC%20or%20Place%20of%20Birth%20and%20Visa%20Class.pdf (no write)
2025-11-01 20:38:53,459 [INFO] [unchanged] FY2021-04 https://travel.state.gov/content/dam/visas/Statistics/Immigrant-Statistics/MonthlyIVIssuances/APRIL%202021%20-%20IV%20Issuances%20by%20Post%20and%20Visa%20Class.pdf (no write)
2025-11-01 20:38:54,292 [INFO] [unchanged] FY2021-05 https://travel.state.gov/content/dam/visas/Statistics/Immigrant-Statistics/MonthlyIVIssuances/MAY2021%20-%20IV%20Issuances%20by%20FSC%20or%20Place%20of%20Birth%20and%20Visa%20Class.pdf (no write)
2025-11-01 20:38:55,259 [INFO] [unchanged] FY2021-05 https://travel.state.gov/content/dam/visas/Statistics/Immigrant-Statistics/MonthlyIVIssuances/MAY%20%202021%20-%20IV%20Issuances%20by%20Post%20and%20Visa%20Class.pdf (no write)
2025-11-01 20:38:56,044 [INFO] [unchanged] FY2021-06 https://travel.state.gov/content/dam/visas/Statistics/Immigrant-Statistics/MonthlyIVIssuances/JUNE2021%20-%20IV%20Issuances%20by%20FSC%20or%20Place%20of%20Birth%20and%20Visa%20Class.pdf (no write)
2025-11-01 20:38:56,836 [INFO] [unchanged] FY2021-06 https://travel.state.gov/content/dam/visas/Statistics/Immigrant-Statistics/MonthlyIVIssuances/JUNE%202021%20--%20IV%20Issuances%20by%20Post%20and%20Visa%20Class.pdf (no write)
2025-11-01 20:38:57,641 [INFO] [unchanged] FY2021-07 https://travel.state.gov/content/dam/visas/Statistics/Immigrant-Statistics/MonthlyIVIssuances/JULY2021%20-%20IV%20Issuances%20by%20FSC%20or%20Place%20of%20Birth%20and%20Visa%20Class.pdf (no write)
2025-11-01 20:38:58,587 [INFO] [unchanged] FY2021-07 https://travel.state.gov/content/dam/visas/Statistics/Immigrant-Statistics/MonthlyIVIssuances/JULY%202021%20-%20IV%20Issuances%20by%20Post%20and%20Visa%20Class.pdf (no write)
2025-11-01 20:38:59,412 [INFO] [unchanged] FY2021-08 https://travel.state.gov/content/dam/visas/Statistics/Immigrant-Statistics/MonthlyIVIssuances/AUGUST2021%20-%20IV%20Issuances%20by%20FSC%20or%20Place%20of%20Birth%20and%20Visa%20Class.pdf (no write)
2025-11-01 20:39:00,215 [INFO] [unchanged] FY2021-08 https://travel.state.gov/content/dam/visas/Statistics/Immigrant-Statistics/MonthlyIVIssuances/AUGUST%202021%20-%20IV%20Issuances%20by%20Post%20and%20Visa%20Class.pdf (no write)
2025-11-01 20:39:01,096 [INFO] [unchanged] FY2021-09 https://travel.state.gov/content/dam/visas/Statistics/Immigrant-Statistics/MonthlyIVIssuances/SEPTEMBER2021%20-%20IV%20Issuances%20by%20FSC%20or%20Place%20of%20Birth%20and%20Visa%20Class.pdf (no write)
2025-11-01 20:39:01,896 [INFO] [unchanged] FY2021-09 https://travel.state.gov/content/dam/visas/Statistics/Immigrant-Statistics/MonthlyIVIssuances/SEPTEMBER%202021%20-%20IV%20Issuances%20by%20Post%20and%20Visa%20Class.pdf (no write)
2025-11-01 20:39:02,697 [INFO] [unchanged] FY2021-10 https://travel.state.gov/content/dam/visas/Statistics/Immigrant-Statistics/MonthlyIVIssuances/OCTOBER2021%20-%20IV%20Issuances%20by%20FSC%20or%20Place%20of%20Birth%20and%20Visa%20Class.pdf (no write)
2025-11-01 20:39:03,503 [INFO] [unchanged] FY2021-10 https://travel.state.gov/content/dam/visas/Statistics/Immigrant-Statistics/MonthlyIVIssuances/OCTOBER%202021%20-%20IV%20Issuances%20by%20Post%20and%20Visa%20Class.pdf (no write)
2025-11-01 20:39:04,695 [INFO] [unchanged] FY2021-11 https://travel.state.gov/content/dam/visas/Statistics/Immigrant-Statistics/MonthlyIVIssuances/NOVEMBER2021%20-%20IV%20Issuances%20by%20FSC%20or%20Place%20of%20Birth%20and%20Visa%20Class.pdf (no write)
2025-11-01 20:39:05,648 [INFO] [unchanged] FY2021-11 https://travel.state.gov/content/dam/visas/Statistics/Immigrant-Statistics/MonthlyIVIssuances/NOVEMBER%202021%20-%20IV%20Issuances%20by%20Post%20and%20Visa%20Class.pdf (no write)
2025-11-01 20:39:06,526 [INFO] [unchanged] FY2021-12 https://travel.state.gov/content/dam/visas/Statistics/Immigrant-Statistics/MonthlyIVIssuances/DECEMBER2021%20-%20IV%20Issuances%20by%20FSC%20or%20Place%20of%20Birth%20and%20Visa%20Class.pdf (no write)
2025-11-01 20:39:07,369 [INFO] [unchanged] FY2021-12 https://travel.state.gov/content/dam/visas/Statistics/Immigrant-Statistics/MonthlyIVIssuances/DECEMBER%202021%20-%20IV%20Issuances%20by%20Post%20and%20Visa%20Class.pdf (no write)
2025-11-01 20:39:08,161 [INFO] [unchanged] FY2022-01 https://travel.state.gov/content/dam/visas/Statistics/Immigrant-Statistics/MonthlyIVIssuances/JANUARY2022%20-%20IV%20Issuances%20by%20FSC%20or%20Place%20of%20Birth%20and%20Visa%20Class.pdf (no write)
2025-11-01 20:39:08,972 [INFO] [unchanged] FY2022-01 https://travel.state.gov/content/dam/visas/Statistics/Immigrant-Statistics/MonthlyIVIssuances/JANUARY%202022%20-%20IV%20Issuances%20by%20Post%20and%20Visa%20Class.pdf (no write)
2025-11-01 20:39:09,823 [INFO] [unchanged] FY2022-02 https://travel.state.gov/content/dam/visas/Statistics/Immigrant-Statistics/MonthlyIVIssuances/FEBRUARY%202022%20-%20IV%20Issuances%20by%20FSC%20or%20Place%20of%20Birth%20and%20Visa%20Class.pdf (no write)
2025-11-01 20:39:10,606 [INFO] [unchanged] FY2022-02 https://travel.state.gov/content/dam/visas/Statistics/Immigrant-Statistics/MonthlyIVIssuances/FEBRUARY%202022%20-%20IV%20Issuances%20by%20Post%20and%20Visa%20Class.pdf (no write)
2025-11-01 20:39:11,408 [INFO] [unchanged] FY2022-03 https://travel.state.gov/content/dam/visas/Statistics/Immigrant-Statistics/MonthlyIVIssuances/MARCH%202022%20-%20IV%20Issuances%20by%20FSC%20or%20Place%20of%20Birth%20and%20Visa%20Class.pdf (no write)
2025-11-01 20:39:12,205 [INFO] [unchanged] FY2022-03 https://travel.state.gov/content/dam/visas/Statistics/Immigrant-Statistics/MonthlyIVIssuances/MARCH%202022%20-%20IV%20Issuances%20by%20Post%20and%20Visa%20Class.pdf (no write)
2025-11-01 20:39:13,017 [INFO] [unchanged] FY2022-04 https://travel.state.gov/content/dam/visas/Statistics/Immigrant-Statistics/MonthlyIVIssuances/APRIL%202022%20-%20IV%20Issuances%20by%20FSC%20or%20Place%20of%20Birth%20and%20Visa%20Class.pdf (no write)
2025-11-01 20:39:13,804 [INFO] [unchanged] FY2022-04 https://travel.state.gov/content/dam/visas/Statistics/Immigrant-Statistics/MonthlyIVIssuances/APRIL%202022%20-%20IV%20Issuances%20by%20Post%20and%20Visa%20Class.pdf (no write)
2025-11-01 20:39:14,595 [INFO] [unchanged] FY2022-05 https://travel.state.gov/content/dam/visas/Statistics/Immigrant-Statistics/MonthlyIVIssuances/MAY%202022%20-%20IV%20Issuances%20by%20FSC%20or%20Place%20of%20Birth%20and%20Visa%20Class.pdf (no write)
2025-11-01 20:39:16,002 [INFO] [unchanged] FY2022-05 https://travel.state.gov/content/dam/visas/Statistics/Immigrant-Statistics/MonthlyIVIssuances/MAY%202022%20-%20IV%20Issuances%20by%20Post%20and%20Visa%20Class.pdf (no write)
2025-11-01 20:39:17,028 [INFO] [unchanged] FY2022-06 https://travel.state.gov/content/dam/visas/Statistics/Immigrant-Statistics/MonthlyIVIssuances/JUNE%202022%20-%20IV%20Issuances%20by%20FSC%20or%20Place%20of%20Birth%20and%20Visa%20Class.pdf (no write)
2025-11-01 20:39:18,530 [INFO] [unchanged] FY2022-06 https://travel.state.gov/content/dam/visas/Statistics/Immigrant-Statistics/MonthlyIVIssuances/JUNE%202022%20-%20IV%20Issuances%20by%20Post%20and%20Visa%20Class.pdf (no write)
2025-11-01 20:39:19,395 [INFO] [unchanged] FY2022-07 https://travel.state.gov/content/dam/visas/Statistics/Immigrant-Statistics/MonthlyIVIssuances/JULY%202022%20-%20IV%20Issuances%20by%20FSC%20or%20Place%20of%20Birth%20and%20Visa%20Class.pdf (no write)
2025-11-01 20:39:20,503 [INFO] [unchanged] FY2022-07 https://travel.state.gov/content/dam/visas/Statistics/Immigrant-Statistics/MonthlyIVIssuances/JULY%202022%20-%20IV%20Issuances%20by%20Post%20and%20Visa%20Class.pdf (no write)
2025-11-01 20:39:21,693 [INFO] [unchanged] FY2022-08 https://travel.state.gov/content/dam/visas/Statistics/Immigrant-Statistics/MonthlyIVIssuances/AUGUST%202022%20-%20IV%20Issuances%20by%20FSC%20or%20Place%20of%20Birth%20and%20Visa%20Class.pdf (no write)
2025-11-01 20:39:22,603 [INFO] [unchanged] FY2022-08 https://travel.state.gov/content/dam/visas/Statistics/Immigrant-Statistics/MonthlyIVIssuances/AUGUST%202022%20-%20IV%20Issuances%20by%20Post%20and%20Visa%20Class.pdf (no write)
2025-11-01 20:39:23,486 [INFO] [unchanged] FY2022-09 https://travel.state.gov/content/dam/visas/Statistics/Immigrant-Statistics/MonthlyIVIssuances/SEPTEMBER%202022%20-%20IV%20Issuances%20by%20FSC%20or%20Place%20of%20Birth%20and%20Visa%20Class.pdf (no write)
2025-11-01 20:39:24,269 [INFO] [unchanged] FY2022-09 https://travel.state.gov/content/dam/visas/Statistics/Immigrant-Statistics/MonthlyIVIssuances/SEPTEMBER%202022%20-%20IV%20Issuances%20by%20Post%20and%20Visa%20Class.pdf (no write)
2025-11-01 20:39:25,095 [INFO] [unchanged] FY2022-10 https://travel.state.gov/content/dam/visas/Statistics/Immigrant-Statistics/MonthlyIVIssuances/OCTOBER%202022%20-%20IV%20Issuances%20by%20FSC%20or%20Place%20of%20Birth%20and%20Visa%20Class.pdf (no write)
2025-11-01 20:39:25,808 [INFO] [unchanged] FY2023-10 https://travel.state.gov/content/dam/visas/Statistics/Immigrant-Statistics/MonthlyIVIssuances/Excel/FY2023/OCTOBER%202022%20-%20IV%20Issuances%20by%20FSC%20or%20Place%20of%20Birth%20and%20Visa%20Class.xlsx (no write)
2025-11-01 20:39:26,741 [INFO] [unchanged] FY2022-10 https://travel.state.gov/content/dam/visas/Statistics/Immigrant-Statistics/MonthlyIVIssuances/OCTOBER%202022%20-%20IV%20Issuances%20by%20Post%20and%20Visa%20Class.pdf (no write)
2025-11-01 20:39:27,598 [INFO] [unchanged] FY2023-10 https://travel.state.gov/content/dam/visas/Statistics/Immigrant-Statistics/MonthlyIVIssuances/Excel/FY2023/OCTOBER%202022%20-%20IV%20Issuances%20by%20Post%20and%20Visa%20Class.xlsx (no write)
2025-11-01 20:39:28,631 [INFO] [unchanged] FY2022-11 https://travel.state.gov/content/dam/visas/Statistics/Immigrant-Statistics/MonthlyIVIssuances/NOVEMBER%202022%20-%20IV%20Issuances%20by%20FSC%20or%20Place%20of%20Birth%20and%20Visa%20Class.pdf (no write)
2025-11-01 20:39:29,464 [INFO] [unchanged] FY2023-11 https://travel.state.gov/content/dam/visas/Statistics/Immigrant-Statistics/MonthlyIVIssuances/Excel/FY2023/NOVEMBER%202022%20-%20IV%20Issuances%20by%20FSC%20or%20Place%20of%20Birth%20and%20Visa%20Class.xlsx (no write)
2025-11-01 20:39:30,698 [INFO] [unchanged] FY2022-11 https://travel.state.gov/content/dam/visas/Statistics/Immigrant-Statistics/MonthlyIVIssuances/NOVEMBER%202022%20-%20IV%20Issuances%20by%20Post%20and%20Visa%20Class.pdf (no write)
2025-11-01 20:39:31,423 [INFO] [unchanged] FY2023-11 https://travel.state.gov/content/dam/visas/Statistics/Immigrant-Statistics/MonthlyIVIssuances/Excel/FY2023/NOVEMBER%202022%20-%20IV%20Issuances%20by%20Post%20and%20Visa%20Class.xlsx (no write)
2025-11-01 20:39:32,244 [INFO] [unchanged] FY2022-12 https://travel.state.gov/content/dam/visas/Statistics/Immigrant-Statistics/MonthlyIVIssuances/DECEMBER%202022%20-%20IV%20Issuances%20by%20FSC%20or%20Place%20of%20Birth%20and%20Visa%20Class.pdf (no write)
2025-11-01 20:39:32,943 [INFO] [unchanged] FY2023-12 https://travel.state.gov/content/dam/visas/Statistics/Immigrant-Statistics/MonthlyIVIssuances/Excel/FY2023/DECEMBER%202022%20-%20IV%20Issuances%20by%20FSC%20or%20Place%20of%20Birth%20and%20Visa%20Class_v1.xlsx (no write)
2025-11-01 20:39:33,805 [INFO] [unchanged] FY2022-12 https://travel.state.gov/content/dam/visas/Statistics/Immigrant-Statistics/MonthlyIVIssuances/DECEMBER%202022%20-%20IV%20Issuances%20by%20Post%20and%20Visa%20Class.pdf (no write)
2025-11-01 20:39:34,646 [INFO] [unchanged] FY2023-12 https://travel.state.gov/content/dam/visas/Statistics/Immigrant-Statistics/MonthlyIVIssuances/Excel/FY2023/DECEMBER%202022%20-%20IV%20Issuances%20by%20Post%20and%20Visa%20Class.xlsx (no write)
2025-11-01 20:39:35,520 [INFO] [unchanged] FY2023-01 https://travel.state.gov/content/dam/visas/Statistics/Immigrant-Statistics/MonthlyIVIssuances/JANUARY%202023%20-%20IV%20Issuances%20by%20FSC%20or%20Place%20of%20Birth%20and%20Visa%20Class.pdf (no write)
2025-11-01 20:39:36,301 [INFO] [unchanged] FY2023-01 https://travel.state.gov/content/dam/visas/Statistics/Immigrant-Statistics/MonthlyIVIssuances/Excel/FY2023/JANUARY%202023%20-%20IV%20Issuances%20by%20FSC%20or%20Place%20of%20Birth%20and%20Visa%20Class.xlsx (no write)
2025-11-01 20:39:37,147 [INFO] [unchanged] FY2023-01 https://travel.state.gov/content/dam/visas/Statistics/Immigrant-Statistics/MonthlyIVIssuances/JANUARY%202023%20-%20IV%20Issuances%20by%20Post%20and%20Visa%20Class.pdf (no write)
2025-11-01 20:39:37,891 [INFO] [unchanged] FY2023-01 https://travel.state.gov/content/dam/visas/Statistics/Immigrant-Statistics/MonthlyIVIssuances/Excel/FY2023/JANUARY%202023%20-%20IV%20Issuances%20by%20Post%20and%20Visa%20Class.xlsx (no write)
2025-11-01 20:39:38,752 [INFO] [unchanged] FY2023-02 https://travel.state.gov/content/dam/visas/Statistics/Immigrant-Statistics/MonthlyIVIssuances/FEBRUARY%202023%20-%20IV%20Issuances%20by%20FSC%20or%20Place%20of%20Birth%20and%20Visa%20Class.pdf (no write)
2025-11-01 20:39:39,488 [INFO] [unchanged] FY2023-02 https://travel.state.gov/content/dam/visas/Statistics/Immigrant-Statistics/MonthlyIVIssuances/Excel/FY2023/FEBRUARY%202023%20-%20IV%20Issuances%20by%20FSC%20or%20Place%20of%20Birth%20and%20Visa%20Class.xlsx (no write)
2025-11-01 20:39:40,381 [INFO] [unchanged] FY2023-02 https://travel.state.gov/content/dam/visas/Statistics/Immigrant-Statistics/MonthlyIVIssuances/FEBRUARY%202023%20-%20IV%20Issuances%20by%20Post%20and%20Visa%20Class.pdf (no write)
2025-11-01 20:39:41,116 [INFO] [unchanged] FY2023-02 https://travel.state.gov/content/dam/visas/Statistics/Immigrant-Statistics/MonthlyIVIssuances/Excel/FY2023/FEBRUARY%202023%20-%20IV%20Issuances%20by%20Post%20and%20Visa%20Class.xlsx (no write)
2025-11-01 20:39:41,945 [INFO] [unchanged] FY2023-03 https://travel.state.gov/content/dam/visas/Statistics/Immigrant-Statistics/MonthlyIVIssuances/MARCH%202023%20-%20IV%20Issuances%20by%20FSC%20or%20Place%20of%20Birth%20and%20Visa%20Class.pdf (no write)
2025-11-01 20:39:42,698 [INFO] [unchanged] FY2023-03 https://travel.state.gov/content/dam/visas/Statistics/Immigrant-Statistics/MonthlyIVIssuances/Excel/FY2023/MARCH%202023%20-%20IV%20Issuances%20by%20FSC%20or%20Place%20of%20Birth%20and%20Visa%20Class.xlsx (no write)
2025-11-01 20:39:43,524 [INFO] [unchanged] FY2023-03 https://travel.state.gov/content/dam/visas/Statistics/Immigrant-Statistics/MonthlyIVIssuances/MARCH%202023%20-%20IV%20Issuances%20by%20Post%20and%20Visa%20Class.pdf (no write)
2025-11-01 20:39:52,327 [INFO] [unchanged] FY2023-03 https://travel.state.gov/content/dam/visas/Statistics/Immigrant-Statistics/MonthlyIVIssuances/Excel/FY2023/MARCH%202023%20-%20IV%20Issuances%20by%20Post%20and%20Visa%20Class.xlsx (no write)
2025-11-01 20:39:53,196 [INFO] [unchanged] FY2023-04 https://travel.state.gov/content/dam/visas/Statistics/Immigrant-Statistics/MonthlyIVIssuances/APRIL%202023%20-%20IV%20Issuances%20by%20FSC%20or%20Place%20of%20Birth%20and%20Visa%20Class.pdf (no write)
2025-11-01 20:39:54,045 [INFO] [unchanged] FY2023-04 https://travel.state.gov/content/dam/visas/Statistics/Immigrant-Statistics/MonthlyIVIssuances/Excel/FY2023/APRIL%202023%20-%20IV%20Issuances%20by%20FSC%20or%20Place%20of%20Birth%20and%20Visa%20Class.xlsx (no write)
2025-11-01 20:39:54,904 [INFO] [unchanged] FY2023-04 https://travel.state.gov/content/dam/visas/Statistics/Immigrant-Statistics/MonthlyIVIssuances/APRIL%202023%20-%20IV%20Issuances%20by%20Post%20and%20Visa%20Class.pdf (no write)
2025-11-01 20:39:55,672 [INFO] [unchanged] FY2023-04 https://travel.state.gov/content/dam/visas/Statistics/Immigrant-Statistics/MonthlyIVIssuances/Excel/FY2023/APRIL%202023%20-%20IV%20Issuances%20by%20Post%20and%20Visa%20Class.xlsx (no write)
2025-11-01 20:39:56,540 [INFO] [unchanged] FY2023-05 https://travel.state.gov/content/dam/visas/Statistics/Immigrant-Statistics/MonthlyIVIssuances/MAY%202023%20-%20IV%20Issuances%20by%20FSC%20or%20Place%20of%20Birth%20and%20Visa%20Class.pdf (no write)
2025-11-01 20:39:57,457 [INFO] [unchanged] FY2023-05 https://travel.state.gov/content/dam/visas/Statistics/Immigrant-Statistics/MonthlyIVIssuances/Excel/FY2023/MAY%202023%20-%20IV%20Issuances%20by%20FSC%20or%20Place%20of%20Birth%20and%20Visa%20Class.xlsx (no write)
2025-11-01 20:39:58,286 [INFO] [unchanged] FY2023-05 https://travel.state.gov/content/dam/visas/Statistics/Immigrant-Statistics/MonthlyIVIssuances/MAY%202023%20-%20IV%20Issuances%20by%20Post%20and%20Visa%20Class.pdf (no write)
2025-11-01 20:39:58,960 [INFO] [unchanged] FY2023-05 https://travel.state.gov/content/dam/visas/Statistics/Immigrant-Statistics/MonthlyIVIssuances/Excel/FY2023/MAY%202023%20-%20IV%20Issuances%20by%20Post%20and%20Visa%20Class.xlsx (no write)
2025-11-01 20:39:59,800 [INFO] [unchanged] FY2023-06 https://travel.state.gov/content/dam/visas/Statistics/Immigrant-Statistics/MonthlyIVIssuances/JUNE%202023%20-%20IV%20Issuances%20by%20FSC%20or%20Place%20of%20Birth%20and%20Visa%20Class.pdf (no write)
2025-11-01 20:40:00,523 [INFO] [unchanged] FY2023-06 https://travel.state.gov/content/dam/visas/Statistics/Immigrant-Statistics/MonthlyIVIssuances/Excel/FY2023/JUNE%202023%20-%20IV%20Issuances%20by%20FSC%20or%20Place%20of%20Birth%20and%20Visa%20Class.xlsx (no write)
2025-11-01 20:40:01,354 [INFO] [unchanged] FY2023-06 https://travel.state.gov/content/dam/visas/Statistics/Immigrant-Statistics/MonthlyIVIssuances/JUNE%202023%20-%20IV%20Issuances%20by%20Post%20and%20Visa%20Class.pdf (no write)
2025-11-01 20:40:02,155 [INFO] [unchanged] FY2023-06 https://travel.state.gov/content/dam/visas/Statistics/Immigrant-Statistics/MonthlyIVIssuances/Excel/FY2023/JUNE%202023%20-%20IV%20Issuances%20by%20Post%20and%20Visa%20Class.xlsx (no write)
2025-11-01 20:40:02,947 [INFO] [unchanged] FY2023-07 https://travel.state.gov/content/dam/visas/Statistics/Immigrant-Statistics/MonthlyIVIssuances/JULY%202023%20-%20IV%20Issuances%20by%20FSC%20or%20Place%20of%20Birth%20and%20Visa%20Class.pdf (no write)
2025-11-01 20:40:03,713 [INFO] [unchanged] FY2023-07 https://travel.state.gov/content/dam/visas/Statistics/Immigrant-Statistics/MonthlyIVIssuances/Excel/FY2023/JULY%202023%20-%20IV%20Issuances%20by%20FSC%20or%20Place%20of%20Birth%20and%20Visa%20Class.xlsx (no write)
2025-11-01 20:40:04,623 [INFO] [unchanged] FY2023-07 https://travel.state.gov/content/dam/visas/Statistics/Immigrant-Statistics/MonthlyIVIssuances/JULY%202023%20-%20IV%20Issuances%20by%20Post%20and%20Visa%20Class.pdf (no write)
2025-11-01 20:40:05,369 [INFO] [unchanged] FY2023-07 https://travel.state.gov/content/dam/visas/Statistics/Immigrant-Statistics/MonthlyIVIssuances/Excel/FY2023/JULY%202023%20-%20IV%20Issuances%20by%20Post%20and%20Visa%20Class.xlsx (no write)
2025-11-01 20:40:06,222 [INFO] [unchanged] FY2023-08 https://travel.state.gov/content/dam/visas/Statistics/Immigrant-Statistics/MonthlyIVIssuances/AUGUST%202023%20-%20IV%20Issuances%20by%20FSC%20or%20Place%20of%20Birth%20and%20Visa%20Class.pdf (no write)
2025-11-01 20:40:06,959 [INFO] [unchanged] FY2023-08 https://travel.state.gov/content/dam/visas/Statistics/Immigrant-Statistics/MonthlyIVIssuances/Excel/FY2023/AUGUST%202023%20-%20IV%20Issuances%20by%20FSC%20or%20Place%20of%20Birth%20and%20Visa%20Class.xlsx (no write)
2025-11-01 20:40:07,821 [INFO] [unchanged] FY2023-08 https://travel.state.gov/content/dam/visas/Statistics/Immigrant-Statistics/MonthlyIVIssuances/AUGUST%202023%20-%20IV%20Issuances%20by%20Post%20and%20Visa%20Class.pdf (no write)
2025-11-01 20:40:08,630 [INFO] [unchanged] FY2023-08 https://travel.state.gov/content/dam/visas/Statistics/Immigrant-Statistics/MonthlyIVIssuances/Excel/FY2023/AUGUST%202023%20-%20IV%20Issuances%20by%20Post%20and%20Visa%20Class.xlsx (no write)
2025-11-01 20:40:09,591 [INFO] [unchanged] FY2023-09 https://travel.state.gov/content/dam/visas/Statistics/Immigrant-Statistics/MonthlyIVIssuances/SEPTEMBER%202023%20-%20IV%20Issuances%20by%20FSC%20or%20Place%20of%20Birth%20and%20Visa%20Class.pdf (no write)
2025-11-01 20:40:10,455 [INFO] [unchanged] FY2023-09 https://travel.state.gov/content/dam/visas/Statistics/Immigrant-Statistics/MonthlyIVIssuances/Excel/FY2023/SEPTEMBER%202023%20-%20IV%20Issuances%20by%20FSC%20or%20Place%20of%20Birth%20and%20Visa%20Class.xlsx (no write)
2025-11-01 20:40:11,354 [INFO] [unchanged] FY2023-09 https://travel.state.gov/content/dam/visas/Statistics/Immigrant-Statistics/MonthlyIVIssuances/SEPTEMBER%202023%20-%20IV%20Issuances%20by%20Post%20and%20Visa%20Class.pdf (no write)
2025-11-01 20:40:12,131 [INFO] [unchanged] FY2023-09 https://travel.state.gov/content/dam/visas/Statistics/Immigrant-Statistics/MonthlyIVIssuances/Excel/FY2023/SEPTEMBER%202023%20-%20IV%20Issuances%20by%20Post%20and%20Visa%20Class.xlsx (no write)
2025-11-01 20:40:12,980 [INFO] [unchanged] FY2023-10 https://travel.state.gov/content/dam/visas/Statistics/Immigrant-Statistics/MonthlyIVIssuances/OCTOBER%202023%20-%20IV%20Issuances%20by%20FSC%20or%20Place%20of%20Birth%20and%20Visa%20Class.pdf (no write)
2025-11-01 20:40:13,764 [INFO] [unchanged] FY2024-10 https://travel.state.gov/content/dam/visas/Statistics/Immigrant-Statistics/MonthlyIVIssuances/Excel/FY2024/OCTOBER%202023%20-%20IV%20Issuances%20by%20FSC%20or%20Place%20of%20Birth%20and%20Visa%20Class.xlsx (no write)
2025-11-01 20:40:14,626 [INFO] [unchanged] FY2023-10 https://travel.state.gov/content/dam/visas/Statistics/Immigrant-Statistics/MonthlyIVIssuances/OCTOBER%202023%20-%20IV%20Issuances%20by%20Post%20and%20Visa%20Class.pdf (no write)
2025-11-01 20:40:16,133 [INFO] [unchanged] FY2024-10 https://travel.state.gov/content/dam/visas/Statistics/Immigrant-Statistics/MonthlyIVIssuances/Excel/FY2024/OCTOBER%202023%20-%20IV%20Issuances%20by%20Post%20and%20Visa%20Class.xlsx (no write)
2025-11-01 20:40:17,118 [INFO] [unchanged] FY2023-11 https://travel.state.gov/content/dam/visas/Statistics/Immigrant-Statistics/MonthlyIVIssuances/NOVEMBER%202023%20-%20IV%20Issuances%20by%20FSC%20or%20Place%20of%20Birth%20and%20Visa%20Class.pdf (no write)
2025-11-01 20:40:17,819 [INFO] [unchanged] FY2024-11 https://travel.state.gov/content/dam/visas/Statistics/Immigrant-Statistics/MonthlyIVIssuances/Excel/FY2024/NOVEMBER%202023%20-%20IV%20Issuances%20by%20FSC%20or%20Place%20of%20Birth%20and%20Visa%20Class.xlsx (no write)
2025-11-01 20:40:18,966 [INFO] [unchanged] FY2023-11 https://travel.state.gov/content/dam/visas/Statistics/Immigrant-Statistics/MonthlyIVIssuances/NOVEMBER%202023%20-%20IV%20Issuances%20by%20Post%20and%20Visa%20Class.pdf (no write)
2025-11-01 20:40:19,773 [INFO] [unchanged] FY2024-11 https://travel.state.gov/content/dam/visas/Statistics/Immigrant-Statistics/MonthlyIVIssuances/Excel/FY2024/NOVEMBER%202023%20-%20IV%20Issuances%20by%20Post%20and%20Visa%20Class.xlsx (no write)
2025-11-01 20:40:20,661 [INFO] [unchanged] FY2023-12 https://travel.state.gov/content/dam/visas/Statistics/Immigrant-Statistics/MonthlyIVIssuances/DECEMBER%202023%20-%20IV%20Issuances%20by%20FSC%20or%20Place%20of%20Birth%20and%20Visa%20Class.pdf (no write)
2025-11-01 20:40:21,491 [INFO] [unchanged] FY2024-12 https://travel.state.gov/content/dam/visas/Statistics/Immigrant-Statistics/MonthlyIVIssuances/Excel/FY2024/DECEMBER%202023%20-%20IV%20Issuances%20by%20FSC%20or%20Place%20of%20Birth%20and%20Visa%20Class.xlsx (no write)
2025-11-01 20:40:22,360 [INFO] [unchanged] FY2023-12 https://travel.state.gov/content/dam/visas/Statistics/Immigrant-Statistics/MonthlyIVIssuances/DECEMBER%202023%20-%20IV%20Issuances%20by%20Post%20and%20Visa%20Class.pdf (no write)
2025-11-01 20:40:23,244 [INFO] [unchanged] FY2024-12 https://travel.state.gov/content/dam/visas/Statistics/Immigrant-Statistics/MonthlyIVIssuances/Excel/FY2024/DECEMBER%202023%20-%20IV%20Issuances%20by%20Post%20and%20Visa%20Class.xlsx (no write)
2025-11-01 20:40:24,104 [INFO] [unchanged] FY2024-01 https://travel.state.gov/content/dam/visas/Statistics/Immigrant-Statistics/MonthlyIVIssuances/JANUARY%202024%20-%20IV%20Issuances%20by%20FSC%20or%20Place%20of%20Birth%20and%20Visa%20Class.pdf (no write)
2025-11-01 20:40:24,839 [INFO] [unchanged] FY2024-01 https://travel.state.gov/content/dam/visas/Statistics/Immigrant-Statistics/MonthlyIVIssuances/Excel/FY2024/JANUARY%202024%20-%20IV%20Issuances%20by%20FSC%20or%20Place%20of%20Birth%20and%20Visa%20Class.xlsx (no write)
2025-11-01 20:40:25,715 [INFO] [unchanged] FY2024-01 https://travel.state.gov/content/dam/visas/Statistics/Immigrant-Statistics/MonthlyIVIssuances/JANUARY%202024%20-%20IV%20Issuances%20by%20Post%20and%20Visa%20Class.pdf (no write)
2025-11-01 20:40:26,437 [INFO] [unchanged] FY2024-01 https://travel.state.gov/content/dam/visas/Statistics/Immigrant-Statistics/MonthlyIVIssuances/Excel/FY2024/JANUARY%202024%20-%20IV%20Issuances%20by%20Post%20and%20Visa%20Class.xlsx (no write)
2025-11-01 20:40:27,295 [INFO] [unchanged] FY2024-02 https://travel.state.gov/content/dam/visas/Statistics/Immigrant-Statistics/MonthlyIVIssuances/FEBRUARY%202024%20-%20IV%20Issuances%20by%20FSC%20or%20Place%20of%20Birth%20and%20Visa%20Class.pdf (no write)
2025-11-01 20:40:28,080 [INFO] [unchanged] FY2024-02 https://travel.state.gov/content/dam/visas/Statistics/Immigrant-Statistics/MonthlyIVIssuances/Excel/FY2024/FEBRUARY%202024%20-%20IV%20Issuances%20by%20FSC%20or%20Place%20of%20Birth%20and%20Visa%20Class.xlsx (no write)
2025-11-01 20:40:28,925 [INFO] [unchanged] FY2024-02 https://travel.state.gov/content/dam/visas/Statistics/Immigrant-Statistics/MonthlyIVIssuances/FEBRUARY%202024%20-%20IV%20Issuances%20by%20Post%20and%20Visa%20Class.pdf (no write)
2025-11-01 20:40:29,741 [INFO] [unchanged] FY2024-02 https://travel.state.gov/content/dam/visas/Statistics/Immigrant-Statistics/MonthlyIVIssuances/Excel/FY2024/FEBRUARY%202024%20-%20IV%20Issuances%20by%20Post%20and%20Visa%20Class.xlsx (no write)
2025-11-01 20:40:30,541 [INFO] [unchanged] FY2024-03 https://travel.state.gov/content/dam/visas/Statistics/Immigrant-Statistics/MonthlyIVIssuances/MARCH%202024%20-%20IV%20Issuances%20by%20FSC%20or%20Place%20of%20Birth%20and%20Visa%20Class.pdf (no write)
2025-11-01 20:40:31,409 [INFO] [unchanged] FY2024-03 https://travel.state.gov/content/dam/visas/Statistics/Immigrant-Statistics/MonthlyIVIssuances/Excel/FY2024/MARCH%202024%20-%20IV%20Issuances%20by%20FSC%20or%20Place%20of%20Birth%20and%20Visa%20Class.xlsx (no write)
