2025-11-01 20:37:10,940 [INFO] Found 25 yearly pages on index
2025-11-01 20:37:10,991 [INFO] 2024: 30 file(s) discovered
2025-11-01 20:37:11,516 [INFO] [unchanged] 2024 https://travel.state.gov/content/dam/visas/Statistics/AnnualReports/FY2019AnnualReport/Visa_counts_methods_differences_vF.pdf (no write)
2025-11-01 20:37:12,356 [INFO] [unchanged] 2024 https://travel.state.gov/content/dam/visas/Statistics/AnnualReports/FY2024AnnualReport/Table%20I.pdf (no write)
2025-11-01 20:37:13,189 [INFO] [unchanged] 2024 https://travel.state.gov/content/dam/visas/Statistics/AnnualReports/FY2024AnnualReport/Table%20II.pdf (no write)
2025-11-01 20:37:14,046 [INFO] [unchanged] 2024 https://travel.state.gov/content/dam/visas/Statistics/AnnualReports/FY2024AnnualReport/Table%20III.pdf (no write)
2025-11-01 20:37:14,834 [INFO] [unchanged] 2024 https://travel.state.gov/content/dam/visas/Statistics/AnnualReports/FY2024AnnualReport/Table%20IV.pdf (no write)
2025-11-01 20:37:16,325 [INFO] [unchanged] 2024 https://travel.state.gov/content/dam/visas/Statistics/AnnualReports/FY2024AnnualReport/Table%20V.pdf (no write)
2025-11-01 20:37:17,270 [INFO] [unchanged] 2024 https://travel.state.gov/content/dam/visas/Statistics/AnnualReports/FY2024AnnualReport/Table%20V_PartI.pdf (no write)
2025-11-01 20:37:18,163 [INFO] [unchanged] 2024 https://travel.state.gov/content/dam/visas/Statistics/AnnualReports/FY2024AnnualReport/Table%20V_PartII.pdf (no write)
2025-11-01 20:37:19,036 [INFO] [unchanged] 2024 https://travel.state.gov/content/dam/visas/Statistics/AnnualReports/FY2024AnnualReport/Table%20V_PartIII.pdf (no write)
2025-11-01 20:37:19,976 [INFO] [unchanged] 2024 https://travel.state.gov/content/dam/visas/Statistics/AnnualReports/FY2024AnnualReport/Table%20V_PartIV.pdf (no write)
2025-11-01 20:37:21,231 [INFO] [unchanged] 2024 https://travel.state.gov/content/dam/visas/Statistics/AnnualReports/FY2024AnnualReport/Table%20VI.pdf (no write)
2025-11-01 20:37:22,109 [INFO] [unchanged] 2024 https://travel.state.gov/content/dam/visas/Statistics/AnnualReports/FY2024AnnualReport/Table%20VI_PartI.pdf (no write)
2025-11-01 20:37:22,986 [INFO] [unchanged] 2024 https://travel.state.gov/content/dam/visas/Statistics/AnnualReports/FY2024AnnualReport/Table%20VI_PartII.pdf (no write)
2025-11-01 20:37:23,808 [INFO] [unchanged] 2024 https://travel.state.gov/content/dam/visas/Statistics/AnnualReports/FY2024AnnualReport/Table%20VI_PartIII.pdf (no write)
2025-11-01 20:37:24,698 [INFO] [unchanged] 2024 https://travel.state.gov/content/dam/visas/Statistics/AnnualReports/FY2024AnnualReport/Table%20VI_PartIV.pdf (no write)
2025-11-01 20:37:25,510 [INFO] [unchanged] 2024 https://travel.state.gov/content/dam/visas/Statistics/AnnualReports/FY2024AnnualReport/Table%20VI_PartV.pdf (no write)
2025-11-01 20:37:26,346 [INFO] [unchanged] 2024 https://travel.state.gov/content/dam/visas/Statistics/AnnualReports/FY2024AnnualReport/Table%20VII.pdf (no write)
2025-11-01 20:37:27,132 [INFO] [unchanged] 2024 https://travel.state.gov/content/dam/visas/Statistics/AnnualReports/FY2024AnnualReport/Table%20VIII.pdf (no write)
2025-11-01 20:37:28,020 [INFO] [unchanged] 2024 https://travel.state.gov/content/dam/visas/Statistics/AnnualReports/FY2024AnnualReport/Table%20IX.pdf (no write)
2025-11-01 20:37:28,810 [INFO] [unchanged] 2024 https://travel.state.gov/content/dam/visas/Statistics/AnnualReports/FY2024AnnualReport/Table%20X.pdf (no write)
2025-11-01 20:37:29,620 [INFO] [unchanged] 2024 https://travel.state.gov/content/dam/visas/Statistics/AnnualReports/FY2024AnnualReport/Table%20XI.pdf (no write)
2025-11-01 20:37:30,523 [INFO] [unchanged] 2024 https://travel.state.gov/content/dam/visas/Statistics/AnnualReports/FY2024AnnualReport/Table%20XII.pdf (no write)
2025-11-01 20:37:31,444 [INFO] [unchanged] 2024 https://travel.state.gov/content/dam/visas/Statistics/AnnualReports/FY2024AnnualReport/Table%20XIII.pdf (no write)
2025-11-01 20:37:32,273 [INFO] [unchanged] 2024 https://travel.state.gov/content/dam/visas/Statistics/AnnualReports/FY2024AnnualReport/Table%20XIV.pdf (no write)
2025-11-01 20:37:33,149 [INFO] [unchanged] 2024 https://travel.state.gov/content/dam/visas/Statistics/AnnualReports/FY2024AnnualReport/Table%20XVA.pdf (no write)
2025-11-01 20:37:34,004 [INFO] [unchanged] 2024 https://travel.state.gov/content/dam/visas/Statistics/AnnualReports/FY2024AnnualReport/Table%20XVB.pdf (no write)
2025-11-01 20:37:35,058 [INFO] [unchanged] 2024 https://travel.state.gov/content/dam/visas/Statistics/AnnualReports/FY2024AnnualReport/Table%20XVI.pdf (no write)
2025-11-01 20:37:35,938 [INFO] [unchanged] 2024 https://travel.state.gov/content/dam/visas/Statistics/AnnualReports/FY2024AnnualReport/Table%20XVII.pdf (no write)
2025-11-01 20:37:36,798 [INFO] [unchanged] 2024 https://travel.state.gov/content/dam/visas/Statistics/AnnualReports/FY2024AnnualReport/Table%20XVIII.pdf (no write)
2025-11-01 20:37:37,668 [INFO] [unchanged] 2024 https://travel.state.gov/content/dam/visas/Statistics/AnnualReports/FY2024AnnualReport/Table%20XIX.pdf (no write)
2025-11-01 20:37:38,276 [INFO] 2023: 30 file(s) discovered
2025-11-01 20:37:38,591 [INFO] [unchanged] 2023 https://travel.state.gov/content/dam/visas/Statistics/AnnualReports/FY2019AnnualReport/Visa_counts_methods_differences_vF.pdf (no write)
2025-11-01 20:37:39,399 [INFO] [unchanged] 2023 https://travel.state.gov/content/dam/visas/Statistics/AnnualReports/FY2023AnnualReport/FY2023_AR_TableI.pdf (no write)
2025-11-01 20:37:40,212 [INFO] [unchanged] 2023 https://travel.state.gov/content/dam/visas/Statistics/AnnualReports/FY2023AnnualReport/FY2023_AR_TableII.pdf (no write)
2025-11-01 20:37:41,019 [INFO] [unchanged] 2023 https://travel.state.gov/content/dam/visas/Statistics/AnnualReports/FY2023AnnualReport/FY2023_AR_TableIII.pdf (no write)
2025-11-01 20:37:41,828 [INFO] [unchanged] 2023 https://travel.state.gov/content/dam/visas/Statistics/AnnualReports/FY2023AnnualReport/FY2023_AR_TableIV.pdf (no write)
2025-11-01 20:37:42,699 [INFO] [unchanged] 2023 https://travel.state.gov/content/dam/visas/Statistics/AnnualReports/FY2023AnnualReport/FY2023_AR_TableV.pdf (no write)
2025-11-01 20:37:43,522 [INFO] [unchanged] 2023 https://travel.state.gov/content/dam/visas/Statistics/AnnualReports/FY2023AnnualReport/FY2023_AR_TableV_Part1.pdf (no write)
2025-11-01 20:37:44,550 [INFO] [unchanged] 2023 https://travel.state.gov/content/dam/visas/Statistics/AnnualReports/FY2023AnnualReport/FY2023_AR_TableV_Part2.pdf (no write)
2025-11-01 20:37:45,419 [INFO] [unchanged] 2023 https://travel.state.gov/content/dam/visas/Statistics/AnnualReports/FY2023AnnualReport/FY2023_AR_TableV_Part3.pdf (no write)
2025-11-01 20:37:46,283 [INFO] [unchanged] 2023 https://travel.state.gov/content/dam/visas/Statistics/AnnualReports/FY2023AnnualReport/FY2023_AR_TableV_Part4.pdf (no write)
2025-11-01 20:37:47,171 [INFO] [unchanged] 2023 https://travel.state.gov/content/dam/visas/Statistics/AnnualReports/FY2023AnnualReport/FY2023_AR_TableVI.pdf (no write)
2025-11-01 20:37:47,988 [INFO] [unchanged] 2023 https://travel.state.gov/content/dam/visas/Statistics/AnnualReports/FY2023AnnualReport/FY2023_AR_TableVI_Part1.pdf (no write)
2025-11-01 20:37:48,828 [INFO] [unchanged] 2023 https://travel.state.gov/content/dam/visas/Statistics/AnnualReports/FY2023AnnualReport/FY2023_AR_TableVI_Part2.pdf (no write)
2025-11-01 20:37:49,713 [INFO] [unchanged] 2023 https://travel.state.gov/content/dam/visas/Statistics/AnnualReports/FY2023AnnualReport/FY2023_AR_TableVI_Part3.pdf (no write)
2025-11-01 20:37:50,584 [INFO] [unchanged] 2023 https://travel.state.gov/content/dam/visas/Statistics/AnnualReports/FY2023AnnualReport/FY2023_AR_TableVI_Part4.pdf (no write)
2025-11-01 20:37:51,447 [INFO] [unchanged] 2023 https://travel.state.gov/content/dam/visas/Statistics/AnnualReports/FY2023AnnualReport/FY2023_AR_TableVI_Part5.pdf (no write)
2025-11-01 20:37:52,290 [INFO] [unchanged] 2023 https://travel.state.gov/content/dam/visas/Statistics/AnnualReports/FY2023AnnualReport/FY2023_AR_TableVII.pdf (no write)
2025-11-01 20:37:53,200 [INFO] [unchanged] 2023 https://travel.state.gov/content/dam/visas/Statistics/AnnualReports/FY2023AnnualReport/FY2023_AR_TableVIII.pdf (no write)
2025-11-01 20:37:54,016 [INFO] [unchanged] 2023 https://travel.state.gov/content/dam/visas/Statistics/AnnualReports/FY2023AnnualReport/FY2023_AR_TableIX.pdf (no write)
2025-11-01 20:37:55,244 [INFO] [unchanged] 2023 https://travel.state.gov/content/dam/visas/Statistics/AnnualReports/FY2023AnnualReport/FY2023_AR_TableX.pdf (no write)
2025-11-01 20:37:56,085 [INFO] [unchanged] 2023 https://travel.state.gov/content/dam/visas/Statistics/AnnualReports/FY2023AnnualReport/FY2023_AR_TableXI.pdf (no write)
2025-11-01 20:37:56,972 [INFO] [unchanged] 2023 https://travel.state.gov/content/dam/visas/Statistics/AnnualReports/FY2023AnnualReport/FY2023_AR_TableXII.pdf (no write)
2025-11-01 20:37:57,896 [INFO] [unchanged] 2023 https://travel.state.gov/content/dam/visas/Statistics/AnnualReports/FY2023AnnualReport/FY2023_AR_TableXIII.pdf (no write)
2025-11-01 20:37:58,784 [INFO] [unchanged] 2023 https://travel.state.gov/content/dam/visas/Statistics/AnnualReports/FY2023AnnualReport/FY2023_AR_TableXIV.pdf (no write)
2025-11-01 20:37:59,640 [INFO] [unchanged] 2023 https://travel.state.gov/content/dam/visas/Statistics/AnnualReports/FY2023AnnualReport/FY2023_AR_TableXVA.pdf (no write)
2025-11-01 20:38:00,498 [INFO] [unchanged] 2023 https://travel.state.gov/content/dam/visas/Statistics/AnnualReports/FY2023AnnualReport/FY2023_AR_TableXVB.pdf (no write)
2025-11-01 20:38:01,374 [INFO] [unchanged] 2023 https://travel.state.gov/content/dam/visas/Statistics/AnnualReports/FY2023AnnualReport/FY2023_AR_TableXVI.pdf (no write)
2025-11-01 20:38:02,429 [INFO] [unchanged] 2023 https://travel.state.gov/content/dam/visas/Statistics/AnnualReports/FY2023AnnualReport/FY2023_AR_TableXVII.pdf (no write)
2025-11-01 20:38:03,709 [INFO] [unchanged] 2023 https://travel.state.gov/content/dam/visas/Statistics/AnnualReports/FY2023AnnualReport/FY2023_AR_TableXVIII.pdf (no write)
2025-11-01 20:38:04,868 [INFO] [unchanged] 2023 https://travel.state.gov/content/dam/visas/Statistics/AnnualReports/FY2023AnnualReport/FY2023_AR_TableXIX.pdf (no write)
2025-11-01 20:38:05,653 [INFO] 2022: 30 file(s) discovered
2025-11-01 20:38:06,456 [INFO] [unchanged] 2022 https://travel.state.gov/content/dam/visas/Statistics/AnnualReports/FY2019AnnualReport/Visa_counts_methods_differences_vF.pdf (no write)
2025-11-01 20:38:07,661 [INFO] [unchanged] 2022 https://travel.state.gov/content/dam/visas/Statistics/AnnualReports/FY2022AnnualReport/FY22_Table_I.pdf (no write)
2025-11-01 20:38:08,857 [INFO] [unchanged] 2022 https://travel.state.gov/content/dam/visas/Statistics/AnnualReports/FY2022AnnualReport/FY22_TableII.pdf (no write)
2025-11-01 20:38:09,866 [INFO] [unchanged] 2022 https://travel.state.gov/content/dam/visas/Statistics/AnnualReports/FY2022AnnualReport/FY22_TableIII.pdf (no write)
2025-11-01 20:38:10,880 [INFO] [unchanged] 2022 https://travel.state.gov/content/dam/visas/Statistics/AnnualReports/FY2022AnnualReport/FY22_TableIV.pdf (no write)
2025-11-01 20:38:12,451 [INFO] [unchanged] 2022 https://travel.state.gov/content/dam/visas/Statistics/AnnualReports/FY2022AnnualReport/FY22_TableV.pdf (no write)
2025-11-01 20:38:13,400 [INFO] [unchanged] 2022 https://travel.state.gov/content/dam/visas/Statistics/AnnualReports/FY2022AnnualReport/FY22_TableV_Part1.pdf (no write)
2025-11-01 20:38:14,282 [INFO] [unchanged] 2022 https://travel.state.gov/content/dam/visas/Statistics/AnnualReports/FY2022AnnualReport/FY22_TableV_Part2.pdf (no write)
2025-11-01 20:38:15,118 [INFO] [unchanged] 2022 https://travel.state.gov/content/dam/visas/Statistics/AnnualReports/FY2022AnnualReport/FY22_TableV_Part3.pdf (no write)
2025-11-01 20:38:16,016 [INFO] [unchanged] 2022 https://travel.state.gov/content/dam/visas/Statistics/AnnualReports/FY2022AnnualReport/FY22_TableV_Part4.pdf (no write)
2025-11-01 20:38:16,976 [INFO] [unchanged] 2022 https://travel.state.gov/content/dam/visas/Statistics/AnnualReports/FY2022AnnualReport/FY22_TableVI.pdf (no write)
2025-11-01 20:38:17,822 [INFO] [unchanged] 2022 https://travel.state.gov/content/dam/visas/Statistics/AnnualReports/FY2022AnnualReport/FY22_TableVI_PartI.pdf (no write)
2025-11-01 20:38:18,834 [INFO] [unchanged] 2022 https://travel.state.gov/content/dam/visas/Statistics/AnnualReports/FY2022AnnualReport/FY22_TableVI_PartII.pdf (no write)
2025-11-01 20:38:19,674 [INFO] [unchanged] 2022 https://travel.state.gov/content/dam/visas/Statistics/AnnualReports/FY2022AnnualReport/FY22_TableVI_PartIII.pdf (no write)
2025-11-01 20:38:20,610 [INFO] [unchanged] 2022 https://travel.state.gov/content/dam/visas/Statistics/AnnualReports/FY2022AnnualReport/FY22_TableVI_PartIV.pdf (no write)
2025-11-01 20:38:28,499 [INFO] [unchanged] 2022 https://travel.state.gov/content/dam/visas/Statistics/AnnualReports/FY2022AnnualReport/FY22_TableVI_PartV.pdf (no write)
2025-11-01 20:38:29,356 [INFO] [unchanged] 2022 https://travel.state.gov/content/dam/visas/Statistics/AnnualReports/FY2022AnnualReport/FY22_TableVII.pdf (no write)
2025-11-01 20:38:30,288 [INFO] [unchanged] 2022 https://travel.state.gov/content/dam/visas/Statistics/AnnualReports/FY2022AnnualReport/FY22_TableVIII.pdf (no write)
2025-11-01 20:38:31,175 [INFO] [unchanged] 2022 https://travel.state.gov/content/dam/visas/Statistics/AnnualReports/FY2022AnnualReport/FY22_TableIX.pdf (no write)
2025-11-01 20:38:32,227 [INFO] [unchanged] 2022 https://travel.state.gov/content/dam/visas/Statistics/AnnualReports/FY2022AnnualReport/FY22_TableX.pdf (no write)
2025-11-01 20:38:33,109 [INFO] [unchanged] 2022 https://travel.state.gov/content/dam/visas/Statistics/AnnualReports/FY2022AnnualReport/FY22_TableXI.pdf (no write)
2025-11-01 20:38:34,023 [INFO] [unchanged] 2022 https://travel.state.gov/content/dam/visas/Statistics/AnnualReports/FY2022AnnualReport/FY22_TableXII.pdf (no write)
2025-11-01 20:38:34,957 [INFO] [unchanged] 2022 https://travel.state.gov/content/dam/visas/Statistics/AnnualReports/FY2022AnnualReport/FY22_TableXIII.pdf (no write)
2025-11-01 20:38:35,846 [INFO] [unchanged] 2022 https://travel.state.gov/content/dam/visas/Statistics/AnnualReports/FY2022AnnualReport/FY22_TableXIV.pdf (no write)
2025-11-01 20:38:36,666 [INFO] [unchanged] 2022 https://travel.state.gov/content/dam/visas/Statistics/AnnualReports/FY2022AnnualReport/FY22_TableXV(A).pdf (no write)
2025-11-01 20:38:37,561 [INFO] [unchanged] 2022 https://travel.state.gov/content/dam/visas/Statistics/AnnualReports/FY2022AnnualReport/FY22_TableXV(B).pdf (no write)
2025-11-01 20:38:38,415 [INFO] [unchanged] 2022 https://travel.state.gov/content/dam/visas/Statistics/AnnualReports/FY2022AnnualReport/FY22_TableXVI.pdf (no write)
2025-11-01 20:38:39,330 [INFO] [unchanged] 2022 https://travel.state.gov/content/dam/visas/Statistics/AnnualReports/FY2022AnnualReport/FY22_TableXVII.pdf (no write)
2025-11-01 20:38:40,483 [INFO] [unchanged] 2022 https://travel.state.gov/content/dam/visas/Statistics/AnnualReports/FY2022AnnualReport/FY22_TableXVIII.pdf (no write)
2025-11-01 20:38:41,368 [INFO] [unchanged] 2022 https://travel.state.gov/content/dam/visas/Statistics/AnnualReports/FY2022AnnualReport/FY22_TableXIX_vF.pdf (no write)
2025-11-01 20:38:41,987 [INFO] 2021: 28 file(s) discovered
2025-11-01 20:38:42,318 [INFO] [unchanged] 2021 https://travel.state.gov/content/dam/visas/Statistics/AnnualReports/FY2019AnnualReport/Visa_counts_methods_differences_vF.pdf (no write)
2025-11-01 20:38:43,222 [INFO] [unchanged] 2021 https://travel.state.gov/content/dam/visas/Statistics/AnnualReports/FY2021AnnualReport/FY21_TableI.pdf (no write)
2025-11-01 20:38:44,255 [INFO] [unchanged] 2021 https://travel.state.gov/content/dam/visas/Statistics/AnnualReports/FY2021AnnualReport/FY21_TableII.pdf (no write)
2025-11-01 20:38:45,170 [INFO] [unchanged] 2021 https://travel.state.gov/content/dam/visas/Statistics/AnnualReports/FY2021AnnualReport/FY21_TableIII.pdf (no write)
2025-11-01 20:38:46,176 [INFO] [unchanged] 2021 https://travel.state.gov/content/dam/visas/Statistics/AnnualReports/FY2021AnnualReport/FY21_TableIV.pdf (no write)
2025-11-01 20:38:47,241 [INFO] [unchanged] 2021 https://travel.state.gov/content/dam/visas/Statistics/AnnualReports/FY2021AnnualReport/FY21_TableV.pdf (no write)
2025-11-01 20:38:48,083 [INFO] [unchanged] 2021 https://travel.state.gov/content/dam/visas/Statistics/AnnualReports/FY2021AnnualReport/FY21_TableV_Part1.pdf (no write)
2025-11-01 20:38:49,068 [INFO] [unchanged] 2021 https://travel.state.gov/content/dam/visas/Statistics/AnnualReports/FY2021AnnualReport/FY21_TableV_Part2.pdf (no write)
2025-11-01 20:38:50,005 [INFO] [unchanged] 2021 https://travel.state.gov/content/dam/visas/Statistics/AnnualReports/FY2021AnnualReport/FY21_TableV_Part3.pdf (no write)
2025-11-01 20:38:51,012 [INFO] [unchanged] 2021 https://travel.state.gov/content/dam/visas/Statistics/AnnualReports/FY2021AnnualReport/FY21_TableVI.pdf (no write)
2025-11-01 20:38:51,891 [INFO] [unchanged] 2021 https://travel.state.gov/content/dam/visas/Statistics/AnnualReports/FY2021AnnualReport/FY21_TableVI_partI.pdf (no write)
2025-11-01 20:38:52,706 [INFO] [unchanged] 2021 https://travel.state.gov/content/dam/visas/Statistics/AnnualReports/FY2021AnnualReport/FY21_TableVI_partII.pdf (no write)
2025-11-01 20:38:53,524 [INFO] [unchanged] 2021 https://travel.state.gov/content/dam/visas/Statistics/AnnualReports/FY2021AnnualReport/FY21_TableVI_partIII.pdf (no write)
2025-11-01 20:38:54,382 [INFO] [unchanged] 2021 https://travel.state.gov/content/dam/visas/Statistics/AnnualReports/FY2021AnnualReport/FY21_TableVI_partIV.pdf (no write)
2025-11-01 20:38:55,276 [INFO] [unchanged] 2021 https://travel.state.gov/content/dam/visas/Statistics/AnnualReports/FY2021AnnualReport/FY21_TableVII.pdf (no write)
2025-11-01 20:38:56,144 [INFO] [unchanged] 2021 https://travel.state.gov/content/dam/visas/Statistics/AnnualReports/FY2021AnnualReport/FY21_TableVIII.pdf (no write)
2025-11-01 20:38:57,023 [INFO] [unchanged] 2021 https://travel.state.gov/content/dam/visas/Statistics/AnnualReports/FY2021AnnualReport/FY21_TableIX.pdf (no write)
2025-11-01 20:38:57,856 [INFO] [unchanged] 2021 https://travel.state.gov/content/dam/visas/Statistics/AnnualReports/FY2021AnnualReport/FY21_TableX.pdf (no write)
2025-11-01 20:38:58,781 [INFO] [unchanged] 2021 https://travel.state.gov/content/dam/visas/Statistics/AnnualReports/FY2021AnnualReport/FY21_TableXI.pdf (no write)
2025-11-01 20:38:59,696 [INFO] [unchanged] 2021 https://travel.state.gov/content/dam/visas/Statistics/AnnualReports/FY2021AnnualReport/FY21_TableXII.pdf (no write)
2025-11-01 20:39:00,557 [INFO] [unchanged] 2021 https://travel.state.gov/content/dam/visas/Statistics/AnnualReports/FY2021AnnualReport/FY21_TableXIII.pdf (no write)
2025-11-01 20:39:01,425 [INFO] [unchanged] 2021 https://travel.state.gov/content/dam/visas/Statistics/AnnualReports/FY2021AnnualReport/FY21_TableXIV.pdf (no write)
2025-11-01 20:39:02,232 [INFO] [unchanged] 2021 https://travel.state.gov/content/dam/visas/Statistics/AnnualReports/FY2021AnnualReport/FY21_TableXVA.pdf (no write)
2025-11-01 20:39:03,077 [INFO] [unchanged] 2021 https://travel.state.gov/content/dam/visas/Statistics/AnnualReports/FY2021AnnualReport/FY21_%20TableXVB.pdf (no write)
2025-11-01 20:39:04,013 [INFO] [unchanged] 2021 https://travel.state.gov/content/dam/visas/Statistics/AnnualReports/FY2021AnnualReport/FY21_TableXVI.pdf (no write)
2025-11-01 20:39:04,861 [INFO] [unchanged] 2021 https://travel.state.gov/content/dam/visas/Statistics/AnnualReports/FY2021AnnualReport/FY21_TableXVII.pdf (no write)
2025-11-01 20:39:05,835 [INFO] [unchanged] 2021 https://travel.state.gov/content/dam/visas/Statistics/AnnualReports/FY2021AnnualReport/FY21_TableXVIII.pdf (no write)
2025-11-01 20:39:06,677 [INFO] [unchanged] 2021 https://travel.state.gov/content/dam/visas/Statistics/AnnualReports/FY2021AnnualReport/FY21_Table%20XIX_vF.pdf (no write)
2025-11-01 20:39:07,468 [INFO] 2020: 28 file(s) discovered
2025-11-01 20:39:07,800 [INFO] [unchanged] 2020 https://travel.state.gov/content/dam/visas/Statistics/AnnualReports/FY2019AnnualReport/Visa_counts_methods_differences_vF.pdf (no write)
2025-11-01 20:39:08,600 [INFO] [unchanged] 2020 https://travel.state.gov/content/dam/visas/Statistics/AnnualReports/FY2020AnnualReport/FY20AnnualReport_TableI.pdf (no write)
2025-11-01 20:39:09,457 [INFO] [unchanged] 2020 https://travel.state.gov/content/dam/visas/Statistics/AnnualReports/FY2020AnnualReport/FY20AnnualReport_TableII.pdf (no write)
2025-11-01 20:39:10,342 [INFO] [unchanged] 2020 https://travel.state.gov/content/dam/visas/Statistics/AnnualReports/FY2020AnnualReport/FY20AnnualReport_TableIII.pdf (no write)
2025-11-01 20:39:11,159 [INFO] [unchanged] 2020 https://travel.state.gov/content/dam/visas/Statistics/AnnualReports/FY2020AnnualReport/FY20AnnualReport_TableIV.pdf (no write)
2025-11-01 20:39:12,061 [INFO] [unchanged] 2020 https://travel.state.gov/content/dam/visas/Statistics/AnnualReports/FY2020AnnualReport/FY20AnnualReport-TableV.pdf (no write)
2025-11-01 20:39:12,898 [INFO] [unchanged] 2020 https://travel.state.gov/content/dam/visas/Statistics/AnnualReports/FY2020AnnualReport/FY20AnnualReport-TableV-Part1.pdf (no write)
2025-11-01 20:39:13,755 [INFO] [unchanged] 2020 https://travel.state.gov/content/dam/visas/Statistics/AnnualReports/FY2020AnnualReport/FY20AnnualReport-TableV-Part2.pdf (no write)
2025-11-01 20:39:14,544 [INFO] [unchanged] 2020 https://travel.state.gov/content/dam/visas/Statistics/AnnualReports/FY2020AnnualReport/FY20AnnualReport-TableV-Part3.pdf (no write)
2025-11-01 20:39:15,633 [INFO] [unchanged] 2020 https://travel.state.gov/content/dam/visas/Statistics/AnnualReports/FY2020AnnualReport/FY20AnnualReport_TableVI.pdf (no write)
2025-11-01 20:39:16,637 [INFO] [unchanged] 2020 https://travel.state.gov/content/dam/visas/Statistics/AnnualReports/FY2020AnnualReport/FY20AnnualReport_TableVI_PartI.pdf (no write)
2025-11-01 20:39:17,600 [INFO] [unchanged] 2020 https://travel.state.gov/content/dam/visas/Statistics/AnnualReports/FY2020AnnualReport/FY20AnnualReport_TableVI_PartII.pdf (no write)
2025-11-01 20:39:18,543 [INFO] [unchanged] 2020 https://travel.state.gov/content/dam/visas/Statistics/AnnualReports/FY2020AnnualReport/FY20AnnualReport_TableVI_PartIII.pdf (no write)
2025-11-01 20:39:19,559 [INFO] [unchanged] 2020 https://travel.state.gov/content/dam/visas/Statistics/AnnualReports/FY2020AnnualReport/FY20AnnualReport_TableVI_PartIV.pdf (no write)
2025-11-01 20:39:20,516 [INFO] [unchanged] 2020 https://travel.state.gov/content/dam/visas/Statistics/AnnualReports/FY2020AnnualReport/FY20AnnualReport_TableVII.pdf (no write)
2025-11-01 20:39:21,352 [INFO] [unchanged] 2020 https://travel.state.gov/content/dam/visas/Statistics/AnnualReports/FY2020AnnualReport/FY20AnnualReport_TableVIII.pdf (no write)
2025-11-01 20:39:22,292 [INFO] [unchanged] 2020 https://travel.state.gov/content/dam/visas/Statistics/AnnualReports/FY2020AnnualReport/FY20AnnualReport_TableIX.pdf (no write)
2025-11-01 20:39:23,183 [INFO] [unchanged] 2020 https://travel.state.gov/content/dam/visas/Statistics/AnnualReports/FY2020AnnualReport/FY20AnnualReport_TableX.pdf (no write)
2025-11-01 20:39:23,997 [INFO] [unchanged] 2020 https://travel.state.gov/content/dam/visas/Statistics/AnnualReports/FY2020AnnualReport/FY20AnnualReport_TableXI.pdf (no write)
2025-11-01 20:39:24,899 [INFO] [unchanged] 2020 https://travel.state.gov/content/dam/visas/Statistics/AnnualReports/FY2020AnnualReport/FY20AnnualReport_TableXII.pdf (no write)
2025-11-01 20:39:25,926 [INFO] [unchanged] 2020 https://travel.state.gov/content/dam/visas/Statistics/AnnualReports/FY2020AnnualReport/FY20AnnualReport_TableXIII.pdf (no write)
2025-11-01 20:39:26,844 [INFO] [unchanged] 2020 https://travel.state.gov/content/dam/visas/Statistics/AnnualReports/FY2020AnnualReport/FY20AnnualReport_TableXIV.pdf (no write)
2025-11-01 20:39:27,707 [INFO] [unchanged] 2020 https://travel.state.gov/content/dam/visas/Statistics/AnnualReports/FY2020AnnualReport/FY20AnnualReport_TableXV_A.pdf (no write)
2025-11-01 20:39:28,512 [INFO] [unchanged] 2020 https://travel.state.gov/content/dam/visas/Statistics/AnnualReports/FY2020AnnualReport/FY20AnnualReport_TableXV_B.pdf (no write)
2025-11-01 20:39:29,423 [INFO] [unchanged] 2020 https://travel.state.gov/content/dam/visas/Statistics/AnnualReports/FY2020AnnualReport/FY20AnnualReport_TableXVI.pdf (no write)
2025-11-01 20:39:30,327 [INFO] [unchanged] 2020 https://travel.state.gov/content/dam/visas/Statistics/AnnualReports/FY2020AnnualReport/FY20AnnualReport_TableXVII.pdf (no write)
2025-11-01 20:39:31,226 [INFO] [unchanged] 2020 https://travel.state.gov/content/dam/visas/Statistics/AnnualReports/FY2020AnnualReport/FY20AnnualReport_TableXVIII.pdf (no write)
2025-11-01 20:39:32,068 [INFO] [unchanged] 2020 https://travel.state.gov/content/dam/visas/Statistics/AnnualReports/FY2020AnnualReport/FY20AnnualReport-Table%20XIX.pdf (no write)
2025-11-01 20:39:32,669 [INFO] 2019: 25 file(s) discovered
2025-11-01 20:39:32,988 [INFO] [unchanged] 2019 https://travel.state.gov/content/dam/visas/Statistics/AnnualReports/FY2019AnnualReport/Visa_counts_methods_differences_vF.pdf (no write)
2025-11-01 20:39:33,849 [INFO] [unchanged] 2019 https://travel.state.gov/content/dam/visas/Statistics/AnnualReports/FY2019AnnualReport/FY19AnnualReport- TableI.pdf (no write)
2025-11-01 20:39:34,725 [INFO] [unchanged] 2019 https://travel.state.gov/content/dam/visas/Statistics/AnnualReports/FY2019AnnualReport/FY19AnnualReport-%20TableII.pdf (no write)
2025-11-01 20:39:35,549 [INFO] [unchanged] 2019 https://travel.state.gov/content/dam/visas/Statistics/AnnualReports/FY2019AnnualReport/FY19AnnualReport-TableIII.pdf (no write)
2025-11-01 20:39:36,378 [INFO] [unchanged] 2019 https://travel.state.gov/content/dam/visas/Statistics/AnnualReports/FY2019AnnualReport/FY19AnnualReport- TableIV.pdf (no write)
2025-11-01 20:39:37,271 [INFO] [unchanged] 2019 https://travel.state.gov/content/dam/visas/Statistics/AnnualReports/FY2019AnnualReport/FY19AnnualReport%20-%20TableV.pdf (no write)
2025-11-01 20:39:38,195 [INFO] [unchanged] 2019 https://travel.state.gov/content/dam/visas/Statistics/AnnualReports/FY2019AnnualReport/FY19AnnualReport%20-TableVI.pdf (no write)
2025-11-01 20:39:39,045 [INFO] [unchanged] 2019 https://travel.state.gov/content/dam/visas/Statistics/AnnualReports/FY2019AnnualReport/FY19AnnualReport-TableVI-Part1.pdf (no write)
2025-11-01 20:39:39,892 [INFO] [unchanged] 2019 https://travel.state.gov/content/dam/visas/Statistics/AnnualReports/FY2019AnnualReport/FY19AnnualReport-TableVI-Part2.pdf (no write)
2025-11-01 20:39:40,727 [INFO] [unchanged] 2019 https://travel.state.gov/content/dam/visas/Statistics/AnnualReports/FY2019AnnualReport/FY19AnnualReport-TableVI-Part3.pdf (no write)
2025-11-01 20:39:41,566 [INFO] [unchanged] 2019 https://travel.state.gov/content/dam/visas/Statistics/AnnualReports/FY2019AnnualReport/FY19AnnualReport-TableVI-Part4.pdf (no write)
2025-11-01 20:39:42,383 [INFO] [unchanged] 2019 https://travel.state.gov/content/dam/visas/Statistics/AnnualReports/FY2019AnnualReport/FY19AnnualReport%20-TableVII.pdf (no write)
2025-11-01 20:39:43,320 [INFO] [unchanged] 2019 https://travel.state.gov/content/dam/visas/Statistics/AnnualReports/FY2019AnnualReport/FY19AnnualReport-TableVIII.pdf (no write)
2025-11-01 20:39:52,829 [INFO] [unchanged] 2019 https://travel.state.gov/content/dam/visas/Statistics/AnnualReports/FY2019AnnualReport/FY19AnnualReport-TableIX.pdf (no write)
2025-11-01 20:39:53,835 [INFO] [unchanged] 2019 https://travel.state.gov/content/dam/visas/Statistics/AnnualReports/FY2019AnnualReport/FY19AnnualReport-TableX.pdf (no write)
2025-11-01 20:39:54,650 [INFO] [unchanged] 2019 https://travel.state.gov/content/dam/visas/Statistics/AnnualReports/FY2019AnnualReport/FY19AnnualReport-TableXI.pdf (no write)
2025-11-01 20:39:55,841 [INFO] [unchanged] 2019 https://travel.state.gov/content/dam/visas/Statistics/AnnualReports/FY2019AnnualReport/FY19AnnualReport-TableXII.pdf (no write)
2025-11-01 20:39:56,704 [INFO] [unchanged] 2019 https://travel.state.gov/content/dam/visas/Statistics/AnnualReports/FY2019AnnualReport/FY19AnnualReport-TableXIV.pdf (no write)
2025-11-01 20:39:57,519 [INFO] [unchanged] 2019 https://travel.state.gov/content/dam/visas/Statistics/AnnualReports/FY2019AnnualReport/FY19AnnualReport-TableXV.pdf (no write)
2025-11-01 20:39:58,278 [INFO] [unchanged] 2019 https://travel.state.gov/content/dam/visas/Statistics/AnnualReports/FY2019AnnualReport/FY19AnnualReport-TableXVI-A.pdf (no write)
2025-11-01 20:39:59,105 [INFO] [unchanged] 2019 https://travel.state.gov/content/dam/visas/Statistics/AnnualReports/FY2019AnnualReport/FY19AnnualReport-TableXVI-B.pdf (no write)
2025-11-01 20:39:59,964 [INFO] [unchanged] 2019 https://travel.state.gov/content/dam/visas/Statistics/AnnualReports/FY2019AnnualReport/FY19AnnualReport-TableXVII.pdf (no write)
2025-11-01 20:40:00,825 [INFO] [unchanged] 2019 https://travel.state.gov/content/dam/visas/Statistics/AnnualReports/FY2019AnnualReport/FY19AnnualReport-TableXVIII.pdf (no write)
2025-11-01 20:40:02,027 [INFO] [unchanged] 2019 https://travel.state.gov/content/dam/visas/Statistics/AnnualReports/FY2019AnnualReport/FY19AnnualReport-TableXIX.pdf (no write)
2025-11-01 20:40:02,848 [INFO] [unchanged] 2019 https://travel.state.gov/content/dam/visas/Statistics/AnnualReports/FY2019AnnualReport/FY19AnnualReport-TableXX.pdf (no write)
2025-11-01 20:40:03,508 [INFO] 2018: 29 file(s) discovered
2025-11-01 20:40:03,783 [INFO] [unchanged] 2018 https://travel.state.gov/content/dam/visas/Statistics/AnnualReports/FY2018AnnualReport/FY18AnnualReport%20-%20TableI.pdf (no write)
2025-11-01 20:40:04,728 [INFO] [unchanged] 2018 https://travel.state.gov/content/dam/visas/Statistics/AnnualReports/FY2018AnnualReport/FY18AnnualReport - TableII.pdf (no write)
2025-11-01 20:40:05,523 [INFO] [unchanged] 2018 https://travel.state.gov/content/dam/visas/Statistics/AnnualReports/FY2018AnnualReport/FY18AnnualReport - TableIII.pdf (no write)
2025-11-01 20:40:06,316 [INFO] [unchanged] 2018 https://travel.state.gov/content/dam/visas/Statistics/AnnualReports/FY2018AnnualReport/FY18AnnualReport%20%20-%20TableIV.pdf (no write)
2025-11-01 20:40:07,210 [INFO] [unchanged] 2018 https://travel.state.gov/content/dam/visas/Statistics/AnnualReports/FY2018AnnualReport/FY18AnnualReport - TableV.pdf (no write)
2025-11-01 20:40:08,045 [INFO] [unchanged] 2018 https://travel.state.gov/content/dam/visas/Statistics/AnnualReports/FY2018AnnualReport/FY18AnnualReport - TableV-Part1.pdf (no write)
2025-11-01 20:40:08,875 [INFO] [unchanged] 2018 https://travel.state.gov/content/dam/visas/Statistics/AnnualReports/FY2018AnnualReport/FY18AnnualReport - TableV-Part2.pdf (no write)
2025-11-01 20:40:09,834 [INFO] [unchanged] 2018 https://travel.state.gov/content/dam/visas/Statistics/AnnualReports/FY2018AnnualReport/FY18AnnualReport - TableV-Part3.pdf (no write)
2025-11-01 20:40:10,742 [INFO] [unchanged] 2018 https://travel.state.gov/content/dam/visas/Statistics/AnnualReports/FY2018AnnualReport/FY18AnnualReport - TableVI.pdf (no write)
2025-11-01 20:40:11,598 [INFO] [unchanged] 2018 https://travel.state.gov/content/dam/visas/Statistics/AnnualReports/FY2018AnnualReport/FY18AnnualReport - TableVI-PartI.pdf (no write)
2025-11-01 20:40:12,457 [INFO] [unchanged] 2018 https://travel.state.gov/content/dam/visas/Statistics/AnnualReports/FY2018AnnualReport/FY18AnnualReport - TableVI-PartII.pdf (no write)
2025-11-01 20:40:13,321 [INFO] [unchanged] 2018 https://travel.state.gov/content/dam/visas/Statistics/AnnualReports/FY2018AnnualReport/FY18AnnualReport - TableVI-PartIII.pdf (no write)
2025-11-01 20:40:14,188 [INFO] [unchanged] 2018 https://travel.state.gov/content/dam/visas/Statistics/AnnualReports/FY2018AnnualReport/FY18AnnualReport - TableVI-PartIV.pdf (no write)
2025-11-01 20:40:15,052 [INFO] [unchanged] 2018 https://travel.state.gov/content/dam/visas/Statistics/AnnualReports/FY2018AnnualReport/FY18AnnualReport - TableVII.pdf (no write)
2025-11-01 20:40:16,203 [INFO] [unchanged] 2018 https://travel.state.gov/content/dam/visas/Statistics/AnnualReports/FY2018AnnualReport/FY18AnnualReport - TableVIII.pdf (no write)
2025-11-01 20:40:17,114 [INFO] [unchanged] 2018 https://travel.state.gov/content/dam/visas/Statistics/AnnualReports/FY2018AnnualReport/FY18AnnualReport - TableIX.pdf (no write)
2025-11-01 20:40:18,009 [INFO] [unchanged] 2018 https://travel.state.gov/content/dam/visas/Statistics/AnnualReports/FY2018AnnualReport/FY18AnnualReport - TableX.pdf (no write)
2025-11-01 20:40:18,968 [INFO] [unchanged] 2018 https://travel.state.gov/content/dam/visas/Statistics/AnnualReports/FY2018AnnualReport/FY18AnnualReport - TableXI.pdf (no write)
2025-11-01 20:40:20,026 [INFO] [unchanged] 2018 https://travel.state.gov/content/dam/visas/Statistics/AnnualReports/FY2018AnnualReport/FY18AnnualReport - TableXII.pdf (no write)
2025-11-01 20:40:20,971 [INFO] [unchanged] 2018 https://travel.state.gov/content/dam/visas/Statistics/AnnualReports/FY2018AnnualReport/FY18AnnualReport - TableXIV.pdf (no write)
2025-11-01 20:40:21,861 [INFO] [unchanged] 2018 https://travel.state.gov/content/dam/visas/Statistics/AnnualReports/FY2018AnnualReport/FY18AnnualReport - TableXV.pdf (no write)
2025-11-01 20:40:22,785 [INFO] [unchanged] 2018 https://travel.state.gov/content/dam/visas/Statistics/AnnualReports/FY2018AnnualReport/FY18AnnualReport%20-%20TableXVIA.pdf (no write)
2025-11-01 20:40:23,706 [INFO] [unchanged] 2018 https://travel.state.gov/content/dam/visas/Statistics/AnnualReports/FY2018AnnualReport/FY18AnnualReport%20-%20TableXVIB.pdf (no write)
2025-11-01 20:40:24,571 [INFO] [unchanged] 2018 https://travel.state.gov/content/dam/visas/Statistics/AnnualReports/FY2018AnnualReport/FY18AnnualReport%20-%20TableXVII.pdf (no write)
2025-11-01 20:40:25,409 [INFO] [unchanged] 2018 https://travel.state.gov/content/dam/visas/Statistics/AnnualReports/FY2018AnnualReport/FY18AnnualReport%20-%20TableXVIII.pdf (no write)
2025-11-01 20:40:26,421 [INFO] [unchanged] 2018 https://travel.state.gov/content/dam/visas/Statistics/AnnualReports/FY2018AnnualReport/FY18AnnualReport%20%20-%20TableXIX.pdf (no write)
2025-11-01 20:40:27,390 [INFO] [unchanged] 2018 https://travel.state.gov/content/dam/visas/Statistics/AnnualReports/FY2018AnnualReport/FY18AnnualReport%20%20-%20TableXX.pdf (no write)
2025-11-01 20:40:28,289 [INFO] [unchanged] 2018 https://travel.state.gov/content/dam/visas/Statistics/AnnualReports/FY2018AnnualReport/AppendixA-NotesonNationality2018.pdf (no write)
2025-11-01 20:40:29,298 [INFO] [unchanged] 2018 https://travel.state.gov/content/dam/visas/Statistics/AnnualReports/FY2018AnnualReport/AppendixB-NotesonForeignStateofChargeability2018.pdf (no write)
2025-11-01 20:40:29,898 [INFO] 2017: 29 file(s) discovered
2025-11-01 20:40:30,240 [INFO] [unchanged] 2017 https://travel.state.gov/content/dam/visas/Statistics/AnnualReports/FY2017AnnualReport/FY17AnnualReport-TableI%20.pdf (no write)
2025-11-01 20:40:31,196 [INFO] [unchanged] 2017 https://travel.state.gov/content/dam/visas/Statistics/AnnualReports/FY2017AnnualReport/FY17AnnualReport-TableII.pdf (no write)
2025-11-01 20:40:32,062 [INFO] [unchanged] 2017 https://travel.state.gov/content/dam/visas/Statistics/AnnualReports/FY2017AnnualReport/FY17AnnualReport-TableIII.pdf (no write)
2025-11-01 20:40:32,972 [INFO] [unchanged] 2017 https://travel.state.gov/content/dam/visas/Statistics/AnnualReports/FY2017AnnualReport/FY17AnnualReport-%20TableIV.pdf (no write)
2025-11-01 20:40:33,885 [INFO] [unchanged] 2017 https://travel.state.gov/content/dam/visas/Statistics/AnnualReports/FY2017AnnualReport/FY17AnnualReport%20-TableV.pdf (no write)
2025-11-01 20:40:34,850 [INFO] [unchanged] 2017 https://travel.state.gov/content/dam/visas/Statistics/AnnualReports/FY2017AnnualReport/FY17AnnualReport -TableV-PartI.pdf (no write)
2025-11-01 20:40:35,707 [INFO] [unchanged] 2017 https://travel.state.gov/content/dam/visas/Statistics/AnnualReports/FY2017AnnualReport/FY17AnnualReport -TableV-PartII.pdf (no write)
2025-11-01 20:40:36,503 [INFO] [unchanged] 2017 https://travel.state.gov/content/dam/visas/Statistics/AnnualReports/FY2017AnnualReport/FY17AnnualReport -TableV-PartIII.pdf (no write)
