2025-11-01 20:40:39,765 [INFO] Found 25 yearly pages on index
2025-11-01 20:40:39,852 [INFO] 2024: 30 file(s) discovered
2025-11-01 20:40:40,158 [INFO] [unchanged] 2024 https://travel.state.gov/content/dam/visas/Statistics/AnnualReports/FY2019AnnualReport/Visa_counts_methods_differences_vF.pdf (no write)
2025-11-01 20:40:41,171 [INFO] [unchanged] 2024 https://travel.state.gov/content/dam/visas/Statistics/AnnualReports/FY2024AnnualReport/Table%20I.pdf (no write)
2025-11-01 20:40:42,101 [INFO] [unchanged] 2024 https://travel.state.gov/content/dam/visas/Statistics/AnnualReports/FY2024AnnualReport/Table%20II.pdf (no write)
2025-11-01 20:40:43,096 [INFO] [unchanged] 2024 https://travel.state.gov/content/dam/visas/Statistics/AnnualReports/FY2024AnnualReport/Table%20III.pdf (no write)
2025-11-01 20:40:43,934 [INFO] [unchanged] 2024 https://travel.state.gov/content/dam/visas/Statistics/AnnualReports/FY2024AnnualReport/Table%20IV.pdf (no write)
2025-11-01 20:40:44,816 [INFO] [unchanged] 2024 https://travel.state.gov/content/dam/visas/Statistics/AnnualReports/FY2024AnnualReport/Table%20V.pdf (no write)
2025-11-01 20:40:45,606 [INFO] [unchanged] 2024 https://travel.state.gov/content/dam/visas/Statistics/AnnualReports/FY2024AnnualReport/Table%20V_PartI.pdf (no write)
2025-11-01 20:40:46,447 [INFO] [unchanged] 2024 https://travel.state.gov/content/dam/visas/Statistics/AnnualReports/FY2024AnnualReport/Table%20V_PartII.pdf (no write)
2025-11-01 20:40:47,314 [INFO] [unchanged] 2024 https://travel.state.gov/content/dam/visas/Statistics/AnnualReports/FY2024AnnualReport/Table%20V_PartIII.pdf (no write)
2025-11-01 20:40:48,399 [INFO] [unchanged] 2024 https://travel.state.gov/content/dam/visas/Statistics/AnnualReports/FY2024AnnualReport/Table%20V_PartIV.pdf (no write)
2025-11-01 20:40:49,408 [INFO] [unchanged] 2024 https://travel.state.gov/content/dam/visas/Statistics/AnnualReports/FY2024AnnualReport/Table%20VI.pdf (no write)
2025-11-01 20:40:50,342 [INFO] [unchanged] 2024 https://travel.state.gov/content/dam/visas/Statistics/AnnualReports/FY2024AnnualReport/Table%20VI_PartI.pdf (no write)
2025-11-01 20:40:51,135 [INFO] [unchanged] 2024 https://travel.state.gov/content/dam/visas/Statistics/AnnualReports/FY2024AnnualReport/Table%20VI_PartII.pdf (no write)
2025-11-01 20:40:51,985 [INFO] [unchanged] 2024 https://travel.state.gov/content/dam/visas/Statistics/AnnualReports/FY2024AnnualReport/Table%20VI_PartIII.pdf (no write)
2025-11-01 20:41:08,448 [INFO] [unchanged] 2024 https://travel.state.gov/content/dam/visas/Statistics/AnnualReports/FY2024AnnualReport/Table%20VI_PartIV.pdf (no write)
2025-11-01 20:41:09,358 [INFO] [unchanged] 2024 https://travel.state.gov/content/dam/visas/Statistics/AnnualReports/FY2024AnnualReport/Table%20VI_PartV.pdf (no write)
2025-11-01 20:41:10,479 [INFO] [unchanged] 2024 https://travel.state.gov/content/dam/visas/Statistics/AnnualReports/FY2024AnnualReport/Table%20VII.pdf (no write)
2025-11-01 20:41:11,673 [INFO] [unchanged] 2024 https://travel.state.gov/content/dam/visas/Statistics/AnnualReports/FY2024AnnualReport/Table%20VIII.pdf (no write)
2025-11-01 20:41:12,797 [INFO] [unchanged] 2024 https://travel.state.gov/content/dam/visas/Statistics/AnnualReports/FY2024AnnualReport/Table%20IX.pdf (no write)
2025-11-01 20:41:13,719 [INFO] [unchanged] 2024 https://travel.state.gov/content/dam/visas/Statistics/AnnualReports/FY2024AnnualReport/Table%20X.pdf (no write)
2025-11-01 20:41:14,607 [INFO] [unchanged] 2024 https://travel.state.gov/content/dam/visas/Statistics/AnnualReports/FY2024AnnualReport/Table%20XI.pdf (no write)
2025-11-01 20:41:16,357 [INFO] [unchanged] 2024 https://travel.state.gov/content/dam/visas/Statistics/AnnualReports/FY2024AnnualReport/Table%20XII.pdf (no write)
2025-11-01 20:41:17,607 [INFO] [unchanged] 2024 https://travel.state.gov/content/dam/visas/Statistics/AnnualReports/FY2024AnnualReport/Table%20XIII.pdf (no write)
2025-11-01 20:41:18,469 [INFO] [unchanged] 2024 https://travel.state.gov/content/dam/visas/Statistics/AnnualReports/FY2024AnnualReport/Table%20XIV.pdf (no write)
2025-11-01 20:41:19,657 [INFO] [unchanged] 2024 https://travel.state.gov/content/dam/visas/Statistics/AnnualReports/FY2024AnnualReport/Table%20XVA.pdf (no write)
2025-11-01 20:41:20,621 [INFO] [unchanged] 2024 https://travel.state.gov/content/dam/visas/Statistics/AnnualReports/FY2024AnnualReport/Table%20XVB.pdf (no write)
2025-11-01 20:41:21,620 [INFO] [unchanged] 2024 https://travel.state.gov/content/dam/visas/Statistics/AnnualReports/FY2024AnnualReport/Table%20XVI.pdf (no write)
2025-11-01 20:41:22,593 [INFO] [unchanged] 2024 https://travel.state.gov/content/dam/visas/Statistics/AnnualReports/FY2024AnnualReport/Table%20XVII.pdf (no write)
2025-11-01 20:41:23,754 [INFO] [unchanged] 2024 https://travel.state.gov/content/dam/visas/Statistics/AnnualReports/FY2024AnnualReport/Table%20XVIII.pdf (no write)
2025-11-01 20:41:24,670 [INFO] [unchanged] 2024 https://travel.state.gov/content/dam/visas/Statistics/AnnualReports/FY2024AnnualReport/Table%20XIX.pdf (no write)
2025-11-01 20:41:25,284 [INFO] 2023: 30 file(s) discovered
2025-11-01 20:41:25,704 [INFO] [unchanged] 2023 https://travel.state.gov/content/dam/visas/Statistics/AnnualReports/FY2019AnnualReport/Visa_counts_methods_differences_vF.pdf (no write)
2025-11-01 20:41:26,676 [INFO] [unchanged] 2023 https://travel.state.gov/content/dam/visas/Statistics/AnnualReports/FY2023AnnualReport/FY2023_AR_TableI.pdf (no write)
2025-11-01 20:41:27,636 [INFO] [unchanged] 2023 https://travel.state.gov/content/dam/visas/Statistics/AnnualReports/FY2023AnnualReport/FY2023_AR_TableII.pdf (no write)
2025-11-01 20:41:28,514 [INFO] [unchanged] 2023 https://travel.state.gov/content/dam/visas/Statistics/AnnualReports/FY2023AnnualReport/FY2023_AR_TableIII.pdf (no write)
2025-11-01 20:41:29,428 [INFO] [unchanged] 2023 https://travel.state.gov/content/dam/visas/Statistics/AnnualReports/FY2023AnnualReport/FY2023_AR_TableIV.pdf (no write)
2025-11-01 20:41:30,512 [INFO] [unchanged] 2023 https://travel.state.gov/content/dam/visas/Statistics/AnnualReports/FY2023AnnualReport/FY2023_AR_TableV.pdf (no write)
2025-11-01 20:41:31,550 [INFO] [unchanged] 2023 https://travel.state.gov/content/dam/visas/Statistics/AnnualReports/FY2023AnnualReport/FY2023_AR_TableV_Part1.pdf (no write)
2025-11-01 20:41:32,494 [INFO] [unchanged] 2023 https://travel.state.gov/content/dam/visas/Statistics/AnnualReports/FY2023AnnualReport/FY2023_AR_TableV_Part2.pdf (no write)
2025-11-01 20:41:33,433 [INFO] [unchanged] 2023 https://travel.state.gov/content/dam/visas/Statistics/AnnualReports/FY2023AnnualReport/FY2023_AR_TableV_Part3.pdf (no write)
2025-11-01 20:41:34,431 [INFO] [unchanged] 2023 https://travel.state.gov/content/dam/visas/Statistics/AnnualReports/FY2023AnnualReport/FY2023_AR_TableV_Part4.pdf (no write)
2025-11-01 20:41:35,474 [INFO] [unchanged] 2023 https://travel.state.gov/content/dam/visas/Statistics/AnnualReports/FY2023AnnualReport/FY2023_AR_TableVI.pdf (no write)
2025-11-01 20:41:36,442 [INFO] [unchanged] 2023 https://travel.state.gov/content/dam/visas/Statistics/AnnualReports/FY2023AnnualReport/FY2023_AR_TableVI_Part1.pdf (no write)
2025-11-01 20:41:37,330 [INFO] [unchanged] 2023 https://travel.state.gov/content/dam/visas/Statistics/AnnualReports/FY2023AnnualReport/FY2023_AR_TableVI_Part2.pdf (no write)
2025-11-01 20:41:38,305 [INFO] [unchanged] 2023 https://travel.state.gov/content/dam/visas/Statistics/AnnualReports/FY2023AnnualReport/FY2023_AR_TableVI_Part3.pdf (no write)
2025-11-01 20:41:39,250 [INFO] [unchanged] 2023 https://travel.state.gov/content/dam/visas/Statistics/AnnualReports/FY2023AnnualReport/FY2023_AR_TableVI_Part4.pdf (no write)
2025-11-01 20:41:40,255 [INFO] [unchanged] 2023 https://travel.state.gov/content/dam/visas/Statistics/AnnualReports/FY2023AnnualReport/FY2023_AR_TableVI_Part5.pdf (no write)
2025-11-01 20:41:41,353 [INFO] [unchanged] 2023 https://travel.state.gov/content/dam/visas/Statistics/AnnualReports/FY2023AnnualReport/FY2023_AR_TableVII.pdf (no write)
2025-11-01 20:41:42,696 [INFO] [unchanged] 2023 https://travel.state.gov/content/dam/visas/Statistics/AnnualReports/FY2023AnnualReport/FY2023_AR_TableVIII.pdf (no write)
2025-11-01 20:41:43,655 [INFO] [unchanged] 2023 https://travel.state.gov/content/dam/visas/Statistics/AnnualReports/FY2023AnnualReport/FY2023_AR_TableIX.pdf (no write)
2025-11-01 20:41:44,773 [INFO] [unchanged] 2023 https://travel.state.gov/content/dam/visas/Statistics/AnnualReports/FY2023AnnualReport/FY2023_AR_TableX.pdf (no write)
2025-11-01 20:42:01,968 [INFO] [unchanged] 2023 https://travel.state.gov/content/dam/visas/Statistics/AnnualReports/FY2023AnnualReport/FY2023_AR_TableXI.pdf (no write)
2025-11-01 20:42:02,962 [INFO] [unchanged] 2023 https://travel.state.gov/content/dam/visas/Statistics/AnnualReports/FY2023AnnualReport/FY2023_AR_TableXII.pdf (no write)
2025-11-01 20:42:03,834 [INFO] [unchanged] 2023 https://travel.state.gov/content/dam/visas/Statistics/AnnualReports/FY2023AnnualReport/FY2023_AR_TableXIII.pdf (no write)
2025-11-01 20:42:04,716 [INFO] [unchanged] 2023 https://travel.state.gov/content/dam/visas/Statistics/AnnualReports/FY2023AnnualReport/FY2023_AR_TableXIV.pdf (no write)
2025-11-01 20:42:05,527 [INFO] [unchanged] 2023 https://travel.state.gov/content/dam/visas/Statistics/AnnualReports/FY2023AnnualReport/FY2023_AR_TableXVA.pdf (no write)
2025-11-01 20:42:06,411 [INFO] [unchanged] 2023 https://travel.state.gov/content/dam/visas/Statistics/AnnualReports/FY2023AnnualReport/FY2023_AR_TableXVB.pdf (no write)
2025-11-01 20:42:07,867 [INFO] [unchanged] 2023 https://travel.state.gov/content/dam/visas/Statistics/AnnualReports/FY2023AnnualReport/FY2023_AR_TableXVI.pdf (no write)
2025-11-01 20:42:08,727 [INFO] [unchanged] 2023 https://travel.state.gov/content/dam/visas/Statistics/AnnualReports/FY2023AnnualReport/FY2023_AR_TableXVII.pdf (no write)
2025-11-01 20:42:09,612 [INFO] [unchanged] 2023 https://travel.state.gov/content/dam/visas/Statistics/AnnualReports/FY2023AnnualReport/FY2023_AR_TableXVIII.pdf (no write)
2025-11-01 20:42:10,465 [INFO] [unchanged] 2023 https://travel.state.gov/content/dam/visas/Statistics/AnnualReports/FY2023AnnualReport/FY2023_AR_TableXIX.pdf (no write)
2025-11-01 20:42:11,061 [INFO] 2022: 30 file(s) discovered
2025-11-01 20:42:11,457 [INFO] [unchanged] 2022 https://travel.state.gov/content/dam/visas/Statistics/AnnualReports/FY2019AnnualReport/Visa_counts_methods_differences_vF.pdf (no write)
2025-11-01 20:42:12,294 [INFO] [unchanged] 2022 https://travel.state.gov/content/dam/visas/Statistics/AnnualReports/FY2022AnnualReport/FY22_Table_I.pdf (no write)
2025-11-01 20:42:13,146 [INFO] [unchanged] 2022 https://travel.state.gov/content/dam/visas/Statistics/AnnualReports/FY2022AnnualReport/FY22_TableII.pdf (no write)
2025-11-01 20:42:14,046 [INFO] [unchanged] 2022 https://travel.state.gov/content/dam/visas/Statistics/AnnualReports/FY2022AnnualReport/FY22_TableIII.pdf (no write)
2025-11-01 20:42:16,062 [INFO] [unchanged] 2022 https://travel.state.gov/content/dam/visas/Statistics/AnnualReports/FY2022AnnualReport/FY22_TableIV.pdf (no write)
